{"C:\\Users\\Tech Savy\\Desktop\\SmartSolar\\TeamSavvySIBATHON26\\server\\server.js": {"path":"C:\\Users\\Tech Savy\\Desktop\\SmartSolar\\TeamSavvySIBATHON26\\server\\server.js","statementMap":{"0":{"start":{"line":1,"column":16},"end":{"line":1,"column":34}},"1":{"start":{"line":2,"column":13},"end":{"line":2,"column":28}},"2":{"start":{"line":3,"column":15},"end":{"line":3,"column":32}},"3":{"start":{"line":4,"column":15},"end":{"line":4,"column":32}},"4":{"start":{"line":5,"column":20},"end":{"line":5,"column":42}},"5":{"start":{"line":6,"column":22},"end":{"line":6,"column":55}},"6":{"start":{"line":7,"column":12},"end":{"line":7,"column":26}},"7":{"start":{"line":8,"column":15},"end":{"line":8,"column":32}},"8":{"start":{"line":9,"column":18},"end":{"line":9,"column":40}},"9":{"start":{"line":10,"column":21},"end":{"line":10,"column":57}},"10":{"start":{"line":11,"column":23},"end":{"line":11,"column":58}},"11":{"start":{"line":13,"column":0},"end":{"line":13,"column":16}},"12":{"start":{"line":15,"column":12},"end":{"line":15,"column":21}},"13":{"start":{"line":18,"column":0},"end":{"line":18,"column":12}},"14":{"start":{"line":21,"column":0},"end":{"line":21,"column":18}},"15":{"start":{"line":22,"column":0},"end":{"line":27,"column":4}},"16":{"start":{"line":28,"column":0},"end":{"line":28,"column":25}},"17":{"start":{"line":29,"column":0},"end":{"line":29,"column":15}},"18":{"start":{"line":30,"column":0},"end":{"line":30,"column":23}},"19":{"start":{"line":33,"column":0},"end":{"line":33,"column":41}},"20":{"start":{"line":34,"column":0},"end":{"line":34,"column":63}},"21":{"start":{"line":37,"column":0},"end":{"line":41,"column":1}},"22":{"start":{"line":38,"column":2},"end":{"line":38,"column":25}},"23":{"start":{"line":40,"column":2},"end":{"line":40,"column":30}},"24":{"start":{"line":44,"column":0},"end":{"line":44,"column":29}},"25":{"start":{"line":47,"column":0},"end":{"line":54,"column":3}},"26":{"start":{"line":48,"column":2},"end":{"line":53,"column":5}},"27":{"start":{"line":57,"column":0},"end":{"line":57,"column":47}},"28":{"start":{"line":58,"column":0},"end":{"line":58,"column":57}},"29":{"start":{"line":59,"column":0},"end":{"line":59,"column":51}},"30":{"start":{"line":60,"column":0},"end":{"line":60,"column":57}},"31":{"start":{"line":61,"column":0},"end":{"line":61,"column":61}},"32":{"start":{"line":62,"column":0},"end":{"line":62,"column":53}},"33":{"start":{"line":63,"column":0},"end":{"line":63,"column":49}},"34":{"start":{"line":66,"column":0},"end":{"line":71,"column":3}},"35":{"start":{"line":67,"column":2},"end":{"line":70,"column":5}},"36":{"start":{"line":74,"column":0},"end":{"line":74,"column":22}},"37":{"start":{"line":76,"column":13},"end":{"line":76,"column":37}},"38":{"start":{"line":80,"column":0},"end":{"line":84,"column":1}},"39":{"start":{"line":81,"column":2},"end":{"line":83,"column":5}},"40":{"start":{"line":82,"column":4},"end":{"line":82,"column":110}},"41":{"start":{"line":87,"column":0},"end":{"line":90,"column":3}},"42":{"start":{"line":88,"column":2},"end":{"line":88,"column":53}},"43":{"start":{"line":89,"column":2},"end":{"line":89,"column":38}},"44":{"start":{"line":89,"column":21},"end":{"line":89,"column":36}},"45":{"start":{"line":92,"column":0},"end":{"line":92,"column":21}}},"fnMap":{"0":{"name":"(anonymous_0)","decl":{"start":{"line":47,"column":23},"end":{"line":47,"column":24}},"loc":{"start":{"line":47,"column":37},"end":{"line":54,"column":1}},"line":47},"1":{"name":"(anonymous_1)","decl":{"start":{"line":66,"column":8},"end":{"line":66,"column":9}},"loc":{"start":{"line":66,"column":22},"end":{"line":71,"column":1}},"line":66},"2":{"name":"(anonymous_2)","decl":{"start":{"line":81,"column":28},"end":{"line":81,"column":29}},"loc":{"start":{"line":81,"column":34},"end":{"line":83,"column":3}},"line":81},"3":{"name":"(anonymous_3)","decl":{"start":{"line":87,"column":33},"end":{"line":87,"column":34}},"loc":{"start":{"line":87,"column":42},"end":{"line":90,"column":1}},"line":87},"4":{"name":"(anonymous_4)","decl":{"start":{"line":89,"column":15},"end":{"line":89,"column":16}},"loc":{"start":{"line":89,"column":21},"end":{"line":89,"column":36}},"line":89}},"branchMap":{"0":{"loc":{"start":{"line":23,"column":10},"end":{"line":23,"column":59}},"type":"binary-expr","locations":[{"start":{"line":23,"column":10},"end":{"line":23,"column":32}},{"start":{"line":23,"column":36},"end":{"line":23,"column":59}}],"line":23},"1":{"loc":{"start":{"line":37,"column":0},"end":{"line":41,"column":1}},"type":"if","locations":[{"start":{"line":37,"column":0},"end":{"line":41,"column":1}},{"start":{"line":39,"column":7},"end":{"line":41,"column":1}}],"line":37},"2":{"loc":{"start":{"line":76,"column":13},"end":{"line":76,"column":37}},"type":"binary-expr","locations":[{"start":{"line":76,"column":13},"end":{"line":76,"column":29}},{"start":{"line":76,"column":33},"end":{"line":76,"column":37}}],"line":76},"3":{"loc":{"start":{"line":80,"column":0},"end":{"line":84,"column":1}},"type":"if","locations":[{"start":{"line":80,"column":0},"end":{"line":84,"column":1}},{"start":{},"end":{}}],"line":80},"4":{"loc":{"start":{"line":82,"column":64},"end":{"line":82,"column":101}},"type":"binary-expr","locations":[{"start":{"line":82,"column":64},"end":{"line":82,"column":84}},{"start":{"line":82,"column":88},"end":{"line":82,"column":101}}],"line":82}},"s":{"0":1,"1":1,"2":1,"3":1,"4":1,"5":1,"6":1,"7":1,"8":1,"9":1,"10":1,"11":1,"12":1,"13":1,"14":1,"15":1,"16":1,"17":1,"18":1,"19":1,"20":1,"21":1,"22":0,"23":1,"24":1,"25":1,"26":1,"27":1,"28":1,"29":1,"30":1,"31":1,"32":1,"33":1,"34":1,"35":0,"36":1,"37":1,"38":1,"39":0,"40":0,"41":1,"42":0,"43":0,"44":0,"45":1},"f":{"0":1,"1":0,"2":0,"3":0,"4":0},"b":{"0":[1,1],"1":[0,1],"2":[1,1],"3":[0,1],"4":[0,0]},"_coverageSchema":"1a1c01bbd47fc00a2c39e90264f33305004495a9","hash":"1a293536394dc04520808924ca632658280ddb24"}
,"C:\\Users\\Tech Savy\\Desktop\\SmartSolar\\TeamSavvySIBATHON26\\server\\config\\db.js": {"path":"C:\\Users\\Tech Savy\\Desktop\\SmartSolar\\TeamSavvySIBATHON26\\server\\config\\db.js","statementMap":{"0":{"start":{"line":1,"column":17},"end":{"line":1,"column":36}},"1":{"start":{"line":3,"column":18},"end":{"line":15,"column":1}},"2":{"start":{"line":4,"column":4},"end":{"line":14,"column":5}},"3":{"start":{"line":5,"column":21},"end":{"line":9,"column":10}},"4":{"start":{"line":10,"column":8},"end":{"line":10,"column":69}},"5":{"start":{"line":12,"column":8},"end":{"line":12,"column":68}},"6":{"start":{"line":13,"column":8},"end":{"line":13,"column":24}},"7":{"start":{"line":17,"column":0},"end":{"line":17,"column":27}}},"fnMap":{"0":{"name":"(anonymous_0)","decl":{"start":{"line":3,"column":18},"end":{"line":3,"column":19}},"loc":{"start":{"line":3,"column":30},"end":{"line":15,"column":1}},"line":3}},"branchMap":{"0":{"loc":{"start":{"line":5,"column":44},"end":{"line":5,"column":109}},"type":"binary-expr","locations":[{"start":{"line":5,"column":44},"end":{"line":5,"column":67}},{"start":{"line":5,"column":71},"end":{"line":5,"column":109}}],"line":5}},"s":{"0":1,"1":1,"2":1,"3":1,"4":1,"5":0,"6":0,"7":1},"f":{"0":1},"b":{"0":[1,1]},"_coverageSchema":"1a1c01bbd47fc00a2c39e90264f33305004495a9","hash":"d6bdba193913486c666985291c7fdca675884ffb"}
,"C:\\Users\\Tech Savy\\Desktop\\SmartSolar\\TeamSavvySIBATHON26\\server\\config\\firebase.js": {"path":"C:\\Users\\Tech Savy\\Desktop\\SmartSolar\\TeamSavvySIBATHON26\\server\\config\\firebase.js","statementMap":{"0":{"start":{"line":1,"column":14},"end":{"line":1,"column":39}},"1":{"start":{"line":5,"column":27},"end":{"line":30,"column":1}},"2":{"start":{"line":6,"column":4},"end":{"line":6,"column":40}},"3":{"start":{"line":6,"column":21},"end":{"line":6,"column":40}},"4":{"start":{"line":8,"column":4},"end":{"line":27,"column":5}},"5":{"start":{"line":9,"column":31},"end":{"line":13,"column":9}},"6":{"start":{"line":15,"column":8},"end":{"line":23,"column":9}},"7":{"start":{"line":16,"column":12},"end":{"line":18,"column":15}},"8":{"start":{"line":19,"column":12},"end":{"line":19,"column":57}},"9":{"start":{"line":21,"column":12},"end":{"line":21,"column":98}},"10":{"start":{"line":22,"column":12},"end":{"line":22,"column":31}},"11":{"start":{"line":25,"column":8},"end":{"line":25,"column":71}},"12":{"start":{"line":26,"column":8},"end":{"line":26,"column":27}},"13":{"start":{"line":29,"column":4},"end":{"line":29,"column":23}},"14":{"start":{"line":32,"column":24},"end":{"line":35,"column":1}},"15":{"start":{"line":33,"column":4},"end":{"line":33,"column":34}},"16":{"start":{"line":33,"column":22},"end":{"line":33,"column":34}},"17":{"start":{"line":34,"column":4},"end":{"line":34,"column":24}},"18":{"start":{"line":37,"column":0},"end":{"line":37,"column":64}}},"fnMap":{"0":{"name":"(anonymous_0)","decl":{"start":{"line":5,"column":27},"end":{"line":5,"column":28}},"loc":{"start":{"line":5,"column":33},"end":{"line":30,"column":1}},"line":5},"1":{"name":"(anonymous_1)","decl":{"start":{"line":32,"column":24},"end":{"line":32,"column":25}},"loc":{"start":{"line":32,"column":30},"end":{"line":35,"column":1}},"line":32}},"branchMap":{"0":{"loc":{"start":{"line":6,"column":4},"end":{"line":6,"column":40}},"type":"if","locations":[{"start":{"line":6,"column":4},"end":{"line":6,"column":40}},{"start":{},"end":{}}],"line":6},"1":{"loc":{"start":{"line":15,"column":8},"end":{"line":23,"column":9}},"type":"if","locations":[{"start":{"line":15,"column":8},"end":{"line":23,"column":9}},{"start":{"line":20,"column":15},"end":{"line":23,"column":9}}],"line":15},"2":{"loc":{"start":{"line":15,"column":12},"end":{"line":15,"column":95}},"type":"binary-expr","locations":[{"start":{"line":15,"column":12},"end":{"line":15,"column":36}},{"start":{"line":15,"column":40},"end":{"line":15,"column":66}},{"start":{"line":15,"column":70},"end":{"line":15,"column":95}}],"line":15},"3":{"loc":{"start":{"line":33,"column":4},"end":{"line":33,"column":34}},"type":"if","locations":[{"start":{"line":33,"column":4},"end":{"line":33,"column":34}},{"start":{},"end":{}}],"line":33}},"s":{"0":1,"1":1,"2":1,"3":0,"4":1,"5":1,"6":1,"7":0,"8":0,"9":1,"10":1,"11":0,"12":0,"13":1,"14":1,"15":0,"16":0,"17":0,"18":1},"f":{"0":1,"1":0},"b":{"0":[0,1],"1":[0,1],"2":[1,0,0],"3":[0,0]},"_coverageSchema":"1a1c01bbd47fc00a2c39e90264f33305004495a9","hash":"2c7e6627eaa77c7c7449b873686a386bf45fe5d1"}
,"C:\\Users\\Tech Savy\\Desktop\\SmartSolar\\TeamSavvySIBATHON26\\server\\controllers\\adminController.js": {"path":"C:\\Users\\Tech Savy\\Desktop\\SmartSolar\\TeamSavvySIBATHON26\\server\\controllers\\adminController.js","statementMap":{"0":{"start":{"line":1,"column":13},"end":{"line":1,"column":38}},"1":{"start":{"line":2,"column":24},"end":{"line":2,"column":60}},"2":{"start":{"line":3,"column":21},"end":{"line":3,"column":54}},"3":{"start":{"line":4,"column":20},"end":{"line":4,"column":52}},"4":{"start":{"line":5,"column":15},"end":{"line":5,"column":42}},"5":{"start":{"line":6,"column":17},"end":{"line":6,"column":45}},"6":{"start":{"line":7,"column":21},"end":{"line":7,"column":53}},"7":{"start":{"line":10,"column":0},"end":{"line":56,"column":3}},"8":{"start":{"line":14,"column":8},"end":{"line":21,"column":6}},"9":{"start":{"line":23,"column":24},"end":{"line":23,"column":112}},"10":{"start":{"line":26,"column":25},"end":{"line":26,"column":35}},"11":{"start":{"line":27,"column":4},"end":{"line":27,"column":55}},"12":{"start":{"line":28,"column":23},"end":{"line":37,"column":6}},"13":{"start":{"line":39,"column":18},"end":{"line":39,"column":20}},"14":{"start":{"line":40,"column":4},"end":{"line":40,"column":63}},"15":{"start":{"line":40,"column":36},"end":{"line":40,"column":59}},"16":{"start":{"line":42,"column":4},"end":{"line":55,"column":7}},"17":{"start":{"line":59,"column":0},"end":{"line":85,"column":3}},"18":{"start":{"line":60,"column":59},"end":{"line":60,"column":68}},"19":{"start":{"line":61,"column":19},"end":{"line":61,"column":21}},"20":{"start":{"line":62,"column":4},"end":{"line":67,"column":5}},"21":{"start":{"line":63,"column":8},"end":{"line":66,"column":10}},"22":{"start":{"line":68,"column":4},"end":{"line":68,"column":33}},"23":{"start":{"line":68,"column":14},"end":{"line":68,"column":33}},"24":{"start":{"line":69,"column":4},"end":{"line":69,"column":52}},"25":{"start":{"line":69,"column":29},"end":{"line":69,"column":52}},"26":{"start":{"line":70,"column":4},"end":{"line":70,"column":56}},"27":{"start":{"line":70,"column":32},"end":{"line":70,"column":56}},"28":{"start":{"line":72,"column":17},"end":{"line":72,"column":55}},"29":{"start":{"line":73,"column":27},"end":{"line":76,"column":6}},"30":{"start":{"line":78,"column":4},"end":{"line":84,"column":7}},"31":{"start":{"line":88,"column":0},"end":{"line":96,"column":3}},"32":{"start":{"line":89,"column":17},"end":{"line":89,"column":51}},"33":{"start":{"line":90,"column":4},"end":{"line":90,"column":57}},"34":{"start":{"line":90,"column":15},"end":{"line":90,"column":57}},"35":{"start":{"line":92,"column":20},"end":{"line":92,"column":97}},"36":{"start":{"line":93,"column":22},"end":{"line":93,"column":95}},"37":{"start":{"line":95,"column":4},"end":{"line":95,"column":68}},"38":{"start":{"line":99,"column":0},"end":{"line":109,"column":3}},"39":{"start":{"line":100,"column":38},"end":{"line":100,"column":46}},"40":{"start":{"line":101,"column":20},"end":{"line":101,"column":22}},"41":{"start":{"line":102,"column":4},"end":{"line":102,"column":34}},"42":{"start":{"line":102,"column":14},"end":{"line":102,"column":34}},"43":{"start":{"line":103,"column":4},"end":{"line":103,"column":46}},"44":{"start":{"line":103,"column":18},"end":{"line":103,"column":46}},"45":{"start":{"line":104,"column":4},"end":{"line":104,"column":37}},"46":{"start":{"line":104,"column":15},"end":{"line":104,"column":37}},"47":{"start":{"line":106,"column":17},"end":{"line":106,"column":105}},"48":{"start":{"line":107,"column":4},"end":{"line":107,"column":57}},"49":{"start":{"line":107,"column":15},"end":{"line":107,"column":57}},"50":{"start":{"line":108,"column":4},"end":{"line":108,"column":48}},"51":{"start":{"line":112,"column":0},"end":{"line":118,"column":3}},"52":{"start":{"line":113,"column":17},"end":{"line":113,"column":51}},"53":{"start":{"line":114,"column":4},"end":{"line":114,"column":57}},"54":{"start":{"line":114,"column":15},"end":{"line":114,"column":57}},"55":{"start":{"line":115,"column":4},"end":{"line":115,"column":35}},"56":{"start":{"line":116,"column":4},"end":{"line":116,"column":22}},"57":{"start":{"line":117,"column":4},"end":{"line":117,"column":110}},"58":{"start":{"line":121,"column":0},"end":{"line":124,"column":3}},"59":{"start":{"line":122,"column":20},"end":{"line":122,"column":72}},"60":{"start":{"line":123,"column":4},"end":{"line":123,"column":51}},"61":{"start":{"line":127,"column":0},"end":{"line":130,"column":3}},"62":{"start":{"line":128,"column":19},"end":{"line":128,"column":57}},"63":{"start":{"line":129,"column":4},"end":{"line":129,"column":62}},"64":{"start":{"line":133,"column":0},"end":{"line":137,"column":3}},"65":{"start":{"line":134,"column":19},"end":{"line":134,"column":119}},"66":{"start":{"line":135,"column":4},"end":{"line":135,"column":71}},"67":{"start":{"line":135,"column":17},"end":{"line":135,"column":71}},"68":{"start":{"line":136,"column":4},"end":{"line":136,"column":50}},"69":{"start":{"line":140,"column":0},"end":{"line":144,"column":3}},"70":{"start":{"line":141,"column":19},"end":{"line":141,"column":73}},"71":{"start":{"line":142,"column":4},"end":{"line":142,"column":71}},"72":{"start":{"line":142,"column":17},"end":{"line":142,"column":71}},"73":{"start":{"line":143,"column":4},"end":{"line":143,"column":69}},"74":{"start":{"line":147,"column":0},"end":{"line":160,"column":3}},"75":{"start":{"line":148,"column":21},"end":{"line":148,"column":99}},"76":{"start":{"line":150,"column":4},"end":{"line":159,"column":7}}},"fnMap":{"0":{"name":"(anonymous_0)","decl":{"start":{"line":10,"column":41},"end":{"line":10,"column":42}},"loc":{"start":{"line":10,"column":61},"end":{"line":56,"column":1}},"line":10},"1":{"name":"(anonymous_1)","decl":{"start":{"line":40,"column":29},"end":{"line":40,"column":30}},"loc":{"start":{"line":40,"column":34},"end":{"line":40,"column":61}},"line":40},"2":{"name":"(anonymous_2)","decl":{"start":{"line":59,"column":32},"end":{"line":59,"column":33}},"loc":{"start":{"line":59,"column":52},"end":{"line":85,"column":1}},"line":59},"3":{"name":"(anonymous_3)","decl":{"start":{"line":88,"column":31},"end":{"line":88,"column":32}},"loc":{"start":{"line":88,"column":51},"end":{"line":96,"column":1}},"line":88},"4":{"name":"(anonymous_4)","decl":{"start":{"line":99,"column":34},"end":{"line":99,"column":35}},"loc":{"start":{"line":99,"column":54},"end":{"line":109,"column":1}},"line":99},"5":{"name":"(anonymous_5)","decl":{"start":{"line":112,"column":35},"end":{"line":112,"column":36}},"loc":{"start":{"line":112,"column":55},"end":{"line":118,"column":1}},"line":112},"6":{"name":"(anonymous_6)","decl":{"start":{"line":121,"column":41},"end":{"line":121,"column":42}},"loc":{"start":{"line":121,"column":61},"end":{"line":124,"column":1}},"line":121},"7":{"name":"(anonymous_7)","decl":{"start":{"line":127,"column":45},"end":{"line":127,"column":46}},"loc":{"start":{"line":127,"column":65},"end":{"line":130,"column":1}},"line":127},"8":{"name":"(anonymous_8)","decl":{"start":{"line":133,"column":45},"end":{"line":133,"column":46}},"loc":{"start":{"line":133,"column":65},"end":{"line":137,"column":1}},"line":133},"9":{"name":"(anonymous_9)","decl":{"start":{"line":140,"column":45},"end":{"line":140,"column":46}},"loc":{"start":{"line":140,"column":65},"end":{"line":144,"column":1}},"line":140},"10":{"name":"(anonymous_10)","decl":{"start":{"line":147,"column":39},"end":{"line":147,"column":40}},"loc":{"start":{"line":147,"column":59},"end":{"line":160,"column":1}},"line":147}},"branchMap":{"0":{"loc":{"start":{"line":49,"column":29},"end":{"line":49,"column":59}},"type":"binary-expr","locations":[{"start":{"line":49,"column":29},"end":{"line":49,"column":54}},{"start":{"line":49,"column":58},"end":{"line":49,"column":59}}],"line":49},"1":{"loc":{"start":{"line":60,"column":12},"end":{"line":60,"column":20}},"type":"default-arg","locations":[{"start":{"line":60,"column":19},"end":{"line":60,"column":20}}],"line":60},"2":{"loc":{"start":{"line":60,"column":22},"end":{"line":60,"column":32}},"type":"default-arg","locations":[{"start":{"line":60,"column":30},"end":{"line":60,"column":32}}],"line":60},"3":{"loc":{"start":{"line":62,"column":4},"end":{"line":67,"column":5}},"type":"if","locations":[{"start":{"line":62,"column":4},"end":{"line":67,"column":5}},{"start":{},"end":{}}],"line":62},"4":{"loc":{"start":{"line":68,"column":4},"end":{"line":68,"column":33}},"type":"if","locations":[{"start":{"line":68,"column":4},"end":{"line":68,"column":33}},{"start":{},"end":{}}],"line":68},"5":{"loc":{"start":{"line":69,"column":4},"end":{"line":69,"column":52}},"type":"if","locations":[{"start":{"line":69,"column":4},"end":{"line":69,"column":52}},{"start":{},"end":{}}],"line":69},"6":{"loc":{"start":{"line":70,"column":4},"end":{"line":70,"column":56}},"type":"if","locations":[{"start":{"line":70,"column":4},"end":{"line":70,"column":56}},{"start":{},"end":{}}],"line":70},"7":{"loc":{"start":{"line":90,"column":4},"end":{"line":90,"column":57}},"type":"if","locations":[{"start":{"line":90,"column":4},"end":{"line":90,"column":57}},{"start":{},"end":{}}],"line":90},"8":{"loc":{"start":{"line":102,"column":4},"end":{"line":102,"column":34}},"type":"if","locations":[{"start":{"line":102,"column":4},"end":{"line":102,"column":34}},{"start":{},"end":{}}],"line":102},"9":{"loc":{"start":{"line":103,"column":4},"end":{"line":103,"column":46}},"type":"if","locations":[{"start":{"line":103,"column":4},"end":{"line":103,"column":46}},{"start":{},"end":{}}],"line":103},"10":{"loc":{"start":{"line":104,"column":4},"end":{"line":104,"column":37}},"type":"if","locations":[{"start":{"line":104,"column":4},"end":{"line":104,"column":37}},{"start":{},"end":{}}],"line":104},"11":{"loc":{"start":{"line":107,"column":4},"end":{"line":107,"column":57}},"type":"if","locations":[{"start":{"line":107,"column":4},"end":{"line":107,"column":57}},{"start":{},"end":{}}],"line":107},"12":{"loc":{"start":{"line":114,"column":4},"end":{"line":114,"column":57}},"type":"if","locations":[{"start":{"line":114,"column":4},"end":{"line":114,"column":57}},{"start":{},"end":{}}],"line":114},"13":{"loc":{"start":{"line":117,"column":55},"end":{"line":117,"column":106}},"type":"cond-expr","locations":[{"start":{"line":117,"column":71},"end":{"line":117,"column":87}},{"start":{"line":117,"column":90},"end":{"line":117,"column":106}}],"line":117},"14":{"loc":{"start":{"line":135,"column":4},"end":{"line":135,"column":71}},"type":"if","locations":[{"start":{"line":135,"column":4},"end":{"line":135,"column":71}},{"start":{},"end":{}}],"line":135},"15":{"loc":{"start":{"line":142,"column":4},"end":{"line":142,"column":71}},"type":"if","locations":[{"start":{"line":142,"column":4},"end":{"line":142,"column":71}},{"start":{},"end":{}}],"line":142},"16":{"loc":{"start":{"line":148,"column":21},"end":{"line":148,"column":99}},"type":"cond-expr","locations":[{"start":{"line":148,"column":71},"end":{"line":148,"column":82}},{"start":{"line":148,"column":85},"end":{"line":148,"column":99}}],"line":148}},"s":{"0":1,"1":1,"2":1,"3":1,"4":1,"5":1,"6":1,"7":1,"8":0,"9":0,"10":0,"11":0,"12":0,"13":0,"14":0,"15":0,"16":0,"17":1,"18":0,"19":0,"20":0,"21":0,"22":0,"23":0,"24":0,"25":0,"26":0,"27":0,"28":0,"29":0,"30":0,"31":1,"32":0,"33":0,"34":0,"35":0,"36":0,"37":0,"38":1,"39":0,"40":0,"41":0,"42":0,"43":0,"44":0,"45":0,"46":0,"47":0,"48":0,"49":0,"50":0,"51":1,"52":0,"53":0,"54":0,"55":0,"56":0,"57":0,"58":1,"59":0,"60":0,"61":1,"62":0,"63":0,"64":1,"65":0,"66":0,"67":0,"68":0,"69":1,"70":0,"71":0,"72":0,"73":0,"74":1,"75":0,"76":0},"f":{"0":0,"1":0,"2":0,"3":0,"4":0,"5":0,"6":0,"7":0,"8":0,"9":0,"10":0},"b":{"0":[0,0],"1":[0],"2":[0],"3":[0,0],"4":[0,0],"5":[0,0],"6":[0,0],"7":[0,0],"8":[0,0],"9":[0,0],"10":[0,0],"11":[0,0],"12":[0,0],"13":[0,0],"14":[0,0],"15":[0,0],"16":[0,0]},"_coverageSchema":"1a1c01bbd47fc00a2c39e90264f33305004495a9","hash":"08d9bea8c9b9e8143988c63267040a5d9da867c1"}
,"C:\\Users\\Tech Savy\\Desktop\\SmartSolar\\TeamSavvySIBATHON26\\server\\controllers\\authController.js": {"path":"C:\\Users\\Tech Savy\\Desktop\\SmartSolar\\TeamSavvySIBATHON26\\server\\controllers\\authController.js","statementMap":{"0":{"start":{"line":1,"column":13},"end":{"line":1,"column":38}},"1":{"start":{"line":2,"column":17},"end":{"line":2,"column":45}},"2":{"start":{"line":3,"column":21},"end":{"line":3,"column":53}},"3":{"start":{"line":4,"column":12},"end":{"line":4,"column":35}},"4":{"start":{"line":5,"column":48},"end":{"line":5,"column":77}},"5":{"start":{"line":7,"column":0},"end":{"line":7,"column":21}},"6":{"start":{"line":9,"column":26},"end":{"line":34,"column":1}},"7":{"start":{"line":10,"column":18},"end":{"line":10,"column":42}},"8":{"start":{"line":11,"column":25},"end":{"line":11,"column":52}},"9":{"start":{"line":13,"column":4},"end":{"line":13,"column":37}},"10":{"start":{"line":14,"column":4},"end":{"line":14,"column":32}},"11":{"start":{"line":15,"column":4},"end":{"line":15,"column":51}},"12":{"start":{"line":17,"column":4},"end":{"line":33,"column":7}},"13":{"start":{"line":37,"column":0},"end":{"line":54,"column":3}},"14":{"start":{"line":38,"column":55},"end":{"line":38,"column":63}},"15":{"start":{"line":40,"column":25},"end":{"line":40,"column":54}},"16":{"start":{"line":41,"column":4},"end":{"line":43,"column":5}},"17":{"start":{"line":42,"column":8},"end":{"line":42,"column":60}},"18":{"start":{"line":45,"column":17},"end":{"line":51,"column":6}},"19":{"start":{"line":53,"column":4},"end":{"line":53,"column":44}},"20":{"start":{"line":57,"column":0},"end":{"line":75,"column":3}},"21":{"start":{"line":58,"column":32},"end":{"line":58,"column":40}},"22":{"start":{"line":60,"column":17},"end":{"line":60,"column":66}},"23":{"start":{"line":61,"column":4},"end":{"line":63,"column":5}},"24":{"start":{"line":62,"column":8},"end":{"line":62,"column":65}},"25":{"start":{"line":65,"column":20},"end":{"line":65,"column":54}},"26":{"start":{"line":66,"column":4},"end":{"line":68,"column":5}},"27":{"start":{"line":67,"column":8},"end":{"line":67,"column":65}},"28":{"start":{"line":70,"column":4},"end":{"line":72,"column":5}},"29":{"start":{"line":71,"column":8},"end":{"line":71,"column":57}},"30":{"start":{"line":74,"column":4},"end":{"line":74,"column":44}},"31":{"start":{"line":78,"column":0},"end":{"line":127,"column":3}},"32":{"start":{"line":79,"column":24},"end":{"line":79,"column":32}},"33":{"start":{"line":80,"column":25},"end":{"line":80,"column":42}},"34":{"start":{"line":83,"column":4},"end":{"line":101,"column":5}},"35":{"start":{"line":84,"column":8},"end":{"line":88,"column":9}},"36":{"start":{"line":85,"column":12},"end":{"line":85,"column":69}},"37":{"start":{"line":87,"column":12},"end":{"line":87,"column":64}},"38":{"start":{"line":91,"column":24},"end":{"line":91,"column":43}},"39":{"start":{"line":92,"column":8},"end":{"line":94,"column":9}},"40":{"start":{"line":93,"column":12},"end":{"line":93,"column":64}},"41":{"start":{"line":95,"column":8},"end":{"line":100,"column":10}},"42":{"start":{"line":103,"column":15},"end":{"line":108,"column":6}},"43":{"start":{"line":110,"column":4},"end":{"line":124,"column":5}},"44":{"start":{"line":111,"column":8},"end":{"line":117,"column":11}},"45":{"start":{"line":118,"column":11},"end":{"line":124,"column":5}},"46":{"start":{"line":119,"column":8},"end":{"line":119,"column":44}},"47":{"start":{"line":120,"column":8},"end":{"line":122,"column":9}},"48":{"start":{"line":121,"column":12},"end":{"line":121,"column":47}},"49":{"start":{"line":123,"column":8},"end":{"line":123,"column":26}},"50":{"start":{"line":126,"column":4},"end":{"line":126,"column":44}},"51":{"start":{"line":130,"column":0},"end":{"line":136,"column":3}},"52":{"start":{"line":131,"column":17},"end":{"line":131,"column":50}},"53":{"start":{"line":132,"column":4},"end":{"line":135,"column":7}},"54":{"start":{"line":139,"column":0},"end":{"line":158,"column":3}},"55":{"start":{"line":140,"column":27},"end":{"line":140,"column":84}},"56":{"start":{"line":141,"column":20},"end":{"line":141,"column":22}},"57":{"start":{"line":143,"column":4},"end":{"line":147,"column":5}},"58":{"start":{"line":144,"column":8},"end":{"line":146,"column":9}},"59":{"start":{"line":145,"column":12},"end":{"line":145,"column":41}},"60":{"start":{"line":149,"column":17},"end":{"line":152,"column":6}},"61":{"start":{"line":154,"column":4},"end":{"line":157,"column":7}},"62":{"start":{"line":161,"column":0},"end":{"line":197,"column":3}},"63":{"start":{"line":162,"column":85},"end":{"line":162,"column":93}},"64":{"start":{"line":164,"column":17},"end":{"line":164,"column":50}},"65":{"start":{"line":165,"column":4},"end":{"line":165,"column":57}},"66":{"start":{"line":165,"column":15},"end":{"line":165,"column":57}},"67":{"start":{"line":167,"column":4},"end":{"line":167,"column":29}},"68":{"start":{"line":168,"column":4},"end":{"line":168,"column":23}},"69":{"start":{"line":169,"column":4},"end":{"line":169,"column":21}},"70":{"start":{"line":170,"column":4},"end":{"line":170,"column":27}},"71":{"start":{"line":172,"column":25},"end":{"line":181,"column":5}},"72":{"start":{"line":183,"column":4},"end":{"line":187,"column":5}},"73":{"start":{"line":184,"column":8},"end":{"line":184,"column":43}},"74":{"start":{"line":186,"column":8},"end":{"line":186,"column":83}},"75":{"start":{"line":189,"column":4},"end":{"line":189,"column":36}},"76":{"start":{"line":190,"column":4},"end":{"line":190,"column":22}},"77":{"start":{"line":192,"column":4},"end":{"line":196,"column":7}},"78":{"start":{"line":200,"column":0},"end":{"line":219,"column":3}},"79":{"start":{"line":201,"column":29},"end":{"line":201,"column":37}},"80":{"start":{"line":202,"column":4},"end":{"line":204,"column":5}},"81":{"start":{"line":203,"column":8},"end":{"line":203,"column":63}},"82":{"start":{"line":207,"column":4},"end":{"line":211,"column":5}},"83":{"start":{"line":208,"column":8},"end":{"line":208,"column":75}},"84":{"start":{"line":210,"column":8},"end":{"line":210,"column":72}},"85":{"start":{"line":213,"column":17},"end":{"line":213,"column":72}},"86":{"start":{"line":214,"column":4},"end":{"line":216,"column":5}},"87":{"start":{"line":215,"column":8},"end":{"line":215,"column":61}},"88":{"start":{"line":218,"column":4},"end":{"line":218,"column":44}},"89":{"start":{"line":222,"column":0},"end":{"line":241,"column":3}},"90":{"start":{"line":223,"column":22},"end":{"line":223,"column":30}},"91":{"start":{"line":224,"column":4},"end":{"line":224,"column":63}},"92":{"start":{"line":224,"column":16},"end":{"line":224,"column":63}},"93":{"start":{"line":226,"column":17},"end":{"line":226,"column":46}},"94":{"start":{"line":227,"column":4},"end":{"line":233,"column":5}},"95":{"start":{"line":229,"column":8},"end":{"line":232,"column":11}},"96":{"start":{"line":237,"column":4},"end":{"line":240,"column":7}},"97":{"start":{"line":244,"column":0},"end":{"line":251,"column":3}},"98":{"start":{"line":245,"column":4},"end":{"line":245,"column":47}},"99":{"start":{"line":247,"column":4},"end":{"line":250,"column":7}}},"fnMap":{"0":{"name":"(anonymous_0)","decl":{"start":{"line":9,"column":26},"end":{"line":9,"column":27}},"loc":{"start":{"line":9,"column":59},"end":{"line":34,"column":1}},"line":9},"1":{"name":"(anonymous_1)","decl":{"start":{"line":37,"column":32},"end":{"line":37,"column":33}},"loc":{"start":{"line":37,"column":52},"end":{"line":54,"column":1}},"line":37},"2":{"name":"(anonymous_2)","decl":{"start":{"line":57,"column":29},"end":{"line":57,"column":30}},"loc":{"start":{"line":57,"column":49},"end":{"line":75,"column":1}},"line":57},"3":{"name":"(anonymous_3)","decl":{"start":{"line":78,"column":34},"end":{"line":78,"column":35}},"loc":{"start":{"line":78,"column":54},"end":{"line":127,"column":1}},"line":78},"4":{"name":"(anonymous_4)","decl":{"start":{"line":130,"column":29},"end":{"line":130,"column":30}},"loc":{"start":{"line":130,"column":49},"end":{"line":136,"column":1}},"line":130},"5":{"name":"(anonymous_5)","decl":{"start":{"line":139,"column":37},"end":{"line":139,"column":38}},"loc":{"start":{"line":139,"column":57},"end":{"line":158,"column":1}},"line":139},"6":{"name":"(anonymous_6)","decl":{"start":{"line":161,"column":42},"end":{"line":161,"column":43}},"loc":{"start":{"line":161,"column":62},"end":{"line":197,"column":1}},"line":161},"7":{"name":"(anonymous_7)","decl":{"start":{"line":200,"column":36},"end":{"line":200,"column":37}},"loc":{"start":{"line":200,"column":56},"end":{"line":219,"column":1}},"line":200},"8":{"name":"(anonymous_8)","decl":{"start":{"line":222,"column":38},"end":{"line":222,"column":39}},"loc":{"start":{"line":222,"column":58},"end":{"line":241,"column":1}},"line":222},"9":{"name":"(anonymous_9)","decl":{"start":{"line":244,"column":37},"end":{"line":244,"column":38}},"loc":{"start":{"line":244,"column":57},"end":{"line":251,"column":1}},"line":244}},"branchMap":{"0":{"loc":{"start":{"line":41,"column":4},"end":{"line":43,"column":5}},"type":"if","locations":[{"start":{"line":41,"column":4},"end":{"line":43,"column":5}},{"start":{},"end":{}}],"line":41},"1":{"loc":{"start":{"line":61,"column":4},"end":{"line":63,"column":5}},"type":"if","locations":[{"start":{"line":61,"column":4},"end":{"line":63,"column":5}},{"start":{},"end":{}}],"line":61},"2":{"loc":{"start":{"line":66,"column":4},"end":{"line":68,"column":5}},"type":"if","locations":[{"start":{"line":66,"column":4},"end":{"line":68,"column":5}},{"start":{},"end":{}}],"line":66},"3":{"loc":{"start":{"line":70,"column":4},"end":{"line":72,"column":5}},"type":"if","locations":[{"start":{"line":70,"column":4},"end":{"line":72,"column":5}},{"start":{},"end":{}}],"line":70},"4":{"loc":{"start":{"line":83,"column":4},"end":{"line":101,"column":5}},"type":"if","locations":[{"start":{"line":83,"column":4},"end":{"line":101,"column":5}},{"start":{"line":89,"column":11},"end":{"line":101,"column":5}}],"line":83},"5":{"loc":{"start":{"line":92,"column":8},"end":{"line":94,"column":9}},"type":"if","locations":[{"start":{"line":92,"column":8},"end":{"line":94,"column":9}},{"start":{},"end":{}}],"line":92},"6":{"loc":{"start":{"line":92,"column":12},"end":{"line":92,"column":38}},"type":"binary-expr","locations":[{"start":{"line":92,"column":12},"end":{"line":92,"column":20}},{"start":{"line":92,"column":24},"end":{"line":92,"column":38}}],"line":92},"7":{"loc":{"start":{"line":96,"column":17},"end":{"line":96,"column":67}},"type":"binary-expr","locations":[{"start":{"line":96,"column":17},"end":{"line":96,"column":28}},{"start":{"line":96,"column":32},"end":{"line":96,"column":43}},{"start":{"line":96,"column":47},"end":{"line":96,"column":67}}],"line":96},"8":{"loc":{"start":{"line":98,"column":18},"end":{"line":98,"column":61}},"type":"binary-expr","locations":[{"start":{"line":98,"column":18},"end":{"line":98,"column":30}},{"start":{"line":98,"column":34},"end":{"line":98,"column":61}}],"line":98},"9":{"loc":{"start":{"line":99,"column":21},"end":{"line":99,"column":44}},"type":"binary-expr","locations":[{"start":{"line":99,"column":21},"end":{"line":99,"column":36}},{"start":{"line":99,"column":40},"end":{"line":99,"column":44}}],"line":99},"10":{"loc":{"start":{"line":110,"column":4},"end":{"line":124,"column":5}},"type":"if","locations":[{"start":{"line":110,"column":4},"end":{"line":124,"column":5}},{"start":{"line":118,"column":11},"end":{"line":124,"column":5}}],"line":110},"11":{"loc":{"start":{"line":114,"column":22},"end":{"line":114,"column":75}},"type":"binary-expr","locations":[{"start":{"line":114,"column":22},"end":{"line":114,"column":39}},{"start":{"line":114,"column":43},"end":{"line":114,"column":75}}],"line":114},"12":{"loc":{"start":{"line":118,"column":11},"end":{"line":124,"column":5}},"type":"if","locations":[{"start":{"line":118,"column":11},"end":{"line":124,"column":5}},{"start":{},"end":{}}],"line":118},"13":{"loc":{"start":{"line":120,"column":8},"end":{"line":122,"column":9}},"type":"if","locations":[{"start":{"line":120,"column":8},"end":{"line":122,"column":9}},{"start":{},"end":{}}],"line":120},"14":{"loc":{"start":{"line":120,"column":12},"end":{"line":120,"column":48}},"type":"binary-expr","locations":[{"start":{"line":120,"column":12},"end":{"line":120,"column":32}},{"start":{"line":120,"column":36},"end":{"line":120,"column":48}}],"line":120},"15":{"loc":{"start":{"line":144,"column":8},"end":{"line":146,"column":9}},"type":"if","locations":[{"start":{"line":144,"column":8},"end":{"line":146,"column":9}},{"start":{},"end":{}}],"line":144},"16":{"loc":{"start":{"line":165,"column":4},"end":{"line":165,"column":57}},"type":"if","locations":[{"start":{"line":165,"column":4},"end":{"line":165,"column":57}},{"start":{},"end":{}}],"line":165},"17":{"loc":{"start":{"line":173,"column":14},"end":{"line":173,"column":44}},"type":"binary-expr","locations":[{"start":{"line":173,"column":14},"end":{"line":173,"column":27}},{"start":{"line":173,"column":31},"end":{"line":173,"column":44}}],"line":173},"18":{"loc":{"start":{"line":183,"column":4},"end":{"line":187,"column":5}},"type":"if","locations":[{"start":{"line":183,"column":4},"end":{"line":187,"column":5}},{"start":{"line":185,"column":11},"end":{"line":187,"column":5}}],"line":183},"19":{"loc":{"start":{"line":202,"column":4},"end":{"line":204,"column":5}},"type":"if","locations":[{"start":{"line":202,"column":4},"end":{"line":204,"column":5}},{"start":{},"end":{}}],"line":202},"20":{"loc":{"start":{"line":214,"column":4},"end":{"line":216,"column":5}},"type":"if","locations":[{"start":{"line":214,"column":4},"end":{"line":216,"column":5}},{"start":{},"end":{}}],"line":214},"21":{"loc":{"start":{"line":214,"column":8},"end":{"line":214,"column":51}},"type":"binary-expr","locations":[{"start":{"line":214,"column":8},"end":{"line":214,"column":13}},{"start":{"line":214,"column":17},"end":{"line":214,"column":51}}],"line":214},"22":{"loc":{"start":{"line":224,"column":4},"end":{"line":224,"column":63}},"type":"if","locations":[{"start":{"line":224,"column":4},"end":{"line":224,"column":63}},{"start":{},"end":{}}],"line":224},"23":{"loc":{"start":{"line":227,"column":4},"end":{"line":233,"column":5}},"type":"if","locations":[{"start":{"line":227,"column":4},"end":{"line":233,"column":5}},{"start":{},"end":{}}],"line":227}},"s":{"0":1,"1":1,"2":1,"3":1,"4":1,"5":1,"6":1,"7":0,"8":0,"9":0,"10":0,"11":0,"12":0,"13":1,"14":0,"15":0,"16":0,"17":0,"18":0,"19":0,"20":1,"21":0,"22":0,"23":0,"24":0,"25":0,"26":0,"27":0,"28":0,"29":0,"30":0,"31":1,"32":0,"33":0,"34":0,"35":0,"36":0,"37":0,"38":0,"39":0,"40":0,"41":0,"42":0,"43":0,"44":0,"45":0,"46":0,"47":0,"48":0,"49":0,"50":0,"51":1,"52":0,"53":0,"54":1,"55":0,"56":0,"57":0,"58":0,"59":0,"60":0,"61":0,"62":1,"63":0,"64":0,"65":0,"66":0,"67":0,"68":0,"69":0,"70":0,"71":0,"72":0,"73":0,"74":0,"75":0,"76":0,"77":0,"78":1,"79":0,"80":0,"81":0,"82":0,"83":0,"84":0,"85":0,"86":0,"87":0,"88":0,"89":1,"90":0,"91":0,"92":0,"93":0,"94":0,"95":0,"96":0,"97":1,"98":0,"99":0},"f":{"0":0,"1":0,"2":0,"3":0,"4":0,"5":0,"6":0,"7":0,"8":0,"9":0},"b":{"0":[0,0],"1":[0,0],"2":[0,0],"3":[0,0],"4":[0,0],"5":[0,0],"6":[0,0],"7":[0,0,0],"8":[0,0],"9":[0,0],"10":[0,0],"11":[0,0],"12":[0,0],"13":[0,0],"14":[0,0],"15":[0,0],"16":[0,0],"17":[0,0],"18":[0,0],"19":[0,0],"20":[0,0],"21":[0,0],"22":[0,0],"23":[0,0]},"_coverageSchema":"1a1c01bbd47fc00a2c39e90264f33305004495a9","hash":"beefe8a52f386cd6c97e0255b32fac5f739efaf9"}
,"C:\\Users\\Tech Savy\\Desktop\\SmartSolar\\TeamSavvySIBATHON26\\server\\controllers\\dashboardController.js": {"path":"C:\\Users\\Tech Savy\\Desktop\\SmartSolar\\TeamSavvySIBATHON26\\server\\controllers\\dashboardController.js","statementMap":{"0":{"start":{"line":1,"column":13},"end":{"line":1,"column":38}},"1":{"start":{"line":2,"column":21},"end":{"line":2,"column":54}},"2":{"start":{"line":3,"column":20},"end":{"line":3,"column":52}},"3":{"start":{"line":4,"column":21},"end":{"line":4,"column":53}},"4":{"start":{"line":7,"column":0},"end":{"line":74,"column":3}},"5":{"start":{"line":8,"column":17},"end":{"line":8,"column":50}},"6":{"start":{"line":9,"column":20},"end":{"line":9,"column":95}},"7":{"start":{"line":10,"column":22},"end":{"line":10,"column":98}},"8":{"start":{"line":12,"column":25},"end":{"line":12,"column":75}},"9":{"start":{"line":12,"column":53},"end":{"line":12,"column":74}},"10":{"start":{"line":13,"column":25},"end":{"line":13,"column":35}},"11":{"start":{"line":16,"column":21},"end":{"line":16,"column":95}},"12":{"start":{"line":17,"column":29},"end":{"line":17,"column":137}},"13":{"start":{"line":18,"column":21},"end":{"line":18,"column":43}},"14":{"start":{"line":19,"column":23},"end":{"line":19,"column":44}},"15":{"start":{"line":22,"column":24},"end":{"line":22,"column":69}},"16":{"start":{"line":23,"column":28},"end":{"line":23,"column":29}},"17":{"start":{"line":24,"column":27},"end":{"line":24,"column":78}},"18":{"start":{"line":25,"column":24},"end":{"line":25,"column":136}},"19":{"start":{"line":26,"column":28},"end":{"line":26,"column":74}},"20":{"start":{"line":29,"column":25},"end":{"line":29,"column":37}},"21":{"start":{"line":30,"column":27},"end":{"line":30,"column":122}},"22":{"start":{"line":31,"column":27},"end":{"line":31,"column":67}},"23":{"start":{"line":34,"column":22},"end":{"line":34,"column":26}},"24":{"start":{"line":35,"column":22},"end":{"line":35,"column":86}},"25":{"start":{"line":37,"column":4},"end":{"line":73,"column":7}},"26":{"start":{"line":45,"column":69},"end":{"line":48,"column":17}},"27":{"start":{"line":77,"column":0},"end":{"line":129,"column":3}},"28":{"start":{"line":78,"column":34},"end":{"line":78,"column":43}},"29":{"start":{"line":79,"column":17},"end":{"line":79,"column":50}},"30":{"start":{"line":80,"column":21},"end":{"line":80,"column":56}},"31":{"start":{"line":81,"column":21},"end":{"line":81,"column":42}},"32":{"start":{"line":83,"column":17},"end":{"line":83,"column":19}},"33":{"start":{"line":84,"column":21},"end":{"line":84,"column":23}},"34":{"start":{"line":85,"column":22},"end":{"line":85,"column":24}},"35":{"start":{"line":87,"column":4},"end":{"line":123,"column":5}},"36":{"start":{"line":89,"column":12},"end":{"line":94,"column":13}},"37":{"start":{"line":89,"column":25},"end":{"line":89,"column":26}},"38":{"start":{"line":90,"column":16},"end":{"line":90,"column":39}},"39":{"start":{"line":91,"column":35},"end":{"line":91,"column":71}},"40":{"start":{"line":92,"column":16},"end":{"line":92,"column":99}},"41":{"start":{"line":93,"column":16},"end":{"line":93,"column":74}},"42":{"start":{"line":95,"column":12},"end":{"line":95,"column":18}},"43":{"start":{"line":98,"column":25},"end":{"line":98,"column":74}},"44":{"start":{"line":99,"column":12},"end":{"line":103,"column":13}},"45":{"start":{"line":100,"column":16},"end":{"line":100,"column":33}},"46":{"start":{"line":101,"column":16},"end":{"line":101,"column":86}},"47":{"start":{"line":102,"column":16},"end":{"line":102,"column":91}},"48":{"start":{"line":104,"column":12},"end":{"line":104,"column":18}},"49":{"start":{"line":107,"column":27},"end":{"line":107,"column":111}},"50":{"start":{"line":108,"column":35},"end":{"line":108,"column":99}},"51":{"start":{"line":109,"column":12},"end":{"line":113,"column":13}},"52":{"start":{"line":109,"column":25},"end":{"line":109,"column":26}},"53":{"start":{"line":110,"column":16},"end":{"line":110,"column":39}},"54":{"start":{"line":111,"column":16},"end":{"line":111,"column":81}},"55":{"start":{"line":112,"column":16},"end":{"line":112,"column":98}},"56":{"start":{"line":114,"column":12},"end":{"line":114,"column":18}},"57":{"start":{"line":117,"column":12},"end":{"line":121,"column":13}},"58":{"start":{"line":117,"column":25},"end":{"line":117,"column":26}},"59":{"start":{"line":118,"column":16},"end":{"line":118,"column":40}},"60":{"start":{"line":119,"column":16},"end":{"line":119,"column":86}},"61":{"start":{"line":120,"column":16},"end":{"line":120,"column":91}},"62":{"start":{"line":125,"column":4},"end":{"line":128,"column":7}},"63":{"start":{"line":132,"column":0},"end":{"line":161,"column":3}},"64":{"start":{"line":133,"column":17},"end":{"line":133,"column":50}},"65":{"start":{"line":134,"column":24},"end":{"line":134,"column":69}},"66":{"start":{"line":135,"column":21},"end":{"line":135,"column":56}},"67":{"start":{"line":136,"column":27},"end":{"line":136,"column":74}},"68":{"start":{"line":138,"column":30},"end":{"line":138,"column":32}},"69":{"start":{"line":139,"column":29},"end":{"line":139,"column":31}},"70":{"start":{"line":140,"column":21},"end":{"line":140,"column":22}},"71":{"start":{"line":141,"column":20},"end":{"line":141,"column":21}},"72":{"start":{"line":143,"column":4},"end":{"line":152,"column":5}},"73":{"start":{"line":143,"column":17},"end":{"line":143,"column":18}},"74":{"start":{"line":144,"column":28},"end":{"line":144,"column":58}},"75":{"start":{"line":145,"column":30},"end":{"line":145,"column":89}},"76":{"start":{"line":146,"column":8},"end":{"line":146,"column":36}},"77":{"start":{"line":147,"column":8},"end":{"line":147,"column":50}},"78":{"start":{"line":149,"column":8},"end":{"line":151,"column":9}},"79":{"start":{"line":150,"column":12},"end":{"line":150,"column":119}},"80":{"start":{"line":154,"column":4},"end":{"line":160,"column":7}},"81":{"start":{"line":164,"column":0},"end":{"line":191,"column":3}},"82":{"start":{"line":165,"column":17},"end":{"line":165,"column":50}},"83":{"start":{"line":166,"column":21},"end":{"line":166,"column":56}},"84":{"start":{"line":167,"column":29},"end":{"line":167,"column":44}},"85":{"start":{"line":168,"column":22},"end":{"line":168,"column":26}},"86":{"start":{"line":170,"column":22},"end":{"line":170,"column":24}},"87":{"start":{"line":171,"column":4},"end":{"line":178,"column":5}},"88":{"start":{"line":171,"column":17},"end":{"line":171,"column":18}},"89":{"start":{"line":172,"column":25},"end":{"line":172,"column":59}},"90":{"start":{"line":173,"column":8},"end":{"line":177,"column":11}},"91":{"start":{"line":180,"column":21},"end":{"line":180,"column":71}},"92":{"start":{"line":180,"column":50},"end":{"line":180,"column":67}},"93":{"start":{"line":182,"column":4},"end":{"line":190,"column":7}}},"fnMap":{"0":{"name":"(anonymous_0)","decl":{"start":{"line":7,"column":43},"end":{"line":7,"column":44}},"loc":{"start":{"line":7,"column":63},"end":{"line":74,"column":1}},"line":7},"1":{"name":"(anonymous_1)","decl":{"start":{"line":12,"column":48},"end":{"line":12,"column":49}},"loc":{"start":{"line":12,"column":53},"end":{"line":12,"column":74}},"line":12},"2":{"name":"(anonymous_2)","decl":{"start":{"line":45,"column":58},"end":{"line":45,"column":59}},"loc":{"start":{"line":45,"column":69},"end":{"line":48,"column":17}},"line":45},"3":{"name":"(anonymous_3)","decl":{"start":{"line":77,"column":37},"end":{"line":77,"column":38}},"loc":{"start":{"line":77,"column":57},"end":{"line":129,"column":1}},"line":77},"4":{"name":"(anonymous_4)","decl":{"start":{"line":132,"column":38},"end":{"line":132,"column":39}},"loc":{"start":{"line":132,"column":58},"end":{"line":161,"column":1}},"line":132},"5":{"name":"(anonymous_5)","decl":{"start":{"line":164,"column":46},"end":{"line":164,"column":47}},"loc":{"start":{"line":164,"column":66},"end":{"line":191,"column":1}},"line":164},"6":{"name":"(anonymous_6)","decl":{"start":{"line":180,"column":38},"end":{"line":180,"column":39}},"loc":{"start":{"line":180,"column":50},"end":{"line":180,"column":67}},"line":180}},"branchMap":{"0":{"loc":{"start":{"line":16,"column":21},"end":{"line":16,"column":95}},"type":"binary-expr","locations":[{"start":{"line":16,"column":21},"end":{"line":16,"column":43}},{"start":{"line":16,"column":47},"end":{"line":16,"column":90}},{"start":{"line":16,"column":94},"end":{"line":16,"column":95}}],"line":16},"1":{"loc":{"start":{"line":17,"column":29},"end":{"line":17,"column":137}},"type":"binary-expr","locations":[{"start":{"line":17,"column":29},"end":{"line":17,"column":59}},{"start":{"line":17,"column":63},"end":{"line":17,"column":118}},{"start":{"line":17,"column":122},"end":{"line":17,"column":137}}],"line":17},"2":{"loc":{"start":{"line":22,"column":24},"end":{"line":22,"column":69}},"type":"binary-expr","locations":[{"start":{"line":22,"column":24},"end":{"line":22,"column":61}},{"start":{"line":22,"column":65},"end":{"line":22,"column":69}}],"line":22},"3":{"loc":{"start":{"line":25,"column":24},"end":{"line":25,"column":136}},"type":"cond-expr","locations":[{"start":{"line":25,"column":40},"end":{"line":25,"column":131}},{"start":{"line":25,"column":135},"end":{"line":25,"column":136}}],"line":25},"4":{"loc":{"start":{"line":30,"column":27},"end":{"line":30,"column":122}},"type":"cond-expr","locations":[{"start":{"line":30,"column":42},"end":{"line":30,"column":117}},{"start":{"line":30,"column":120},"end":{"line":30,"column":122}}],"line":30},"5":{"loc":{"start":{"line":54,"column":29},"end":{"line":57,"column":24}},"type":"cond-expr","locations":[{"start":{"line":54,"column":56},"end":{"line":57,"column":17}},{"start":{"line":57,"column":20},"end":{"line":57,"column":24}}],"line":54},"6":{"loc":{"start":{"line":61,"column":27},"end":{"line":61,"column":96}},"type":"cond-expr","locations":[{"start":{"line":61,"column":49},"end":{"line":61,"column":55}},{"start":{"line":61,"column":58},"end":{"line":61,"column":96}}],"line":61},"7":{"loc":{"start":{"line":61,"column":58},"end":{"line":61,"column":96}},"type":"cond-expr","locations":[{"start":{"line":61,"column":80},"end":{"line":61,"column":88}},{"start":{"line":61,"column":91},"end":{"line":61,"column":96}}],"line":61},"8":{"loc":{"start":{"line":64,"column":28},"end":{"line":64,"column":101}},"type":"binary-expr","locations":[{"start":{"line":64,"column":28},"end":{"line":64,"column":52}},{"start":{"line":64,"column":56},"end":{"line":64,"column":96}},{"start":{"line":64,"column":100},"end":{"line":64,"column":101}}],"line":64},"9":{"loc":{"start":{"line":78,"column":12},"end":{"line":78,"column":29}},"type":"default-arg","locations":[{"start":{"line":78,"column":20},"end":{"line":78,"column":29}}],"line":78},"10":{"loc":{"start":{"line":80,"column":21},"end":{"line":80,"column":56}},"type":"binary-expr","locations":[{"start":{"line":80,"column":21},"end":{"line":80,"column":51}},{"start":{"line":80,"column":55},"end":{"line":80,"column":56}}],"line":80},"11":{"loc":{"start":{"line":87,"column":4},"end":{"line":123,"column":5}},"type":"switch","locations":[{"start":{"line":88,"column":8},"end":{"line":96,"column":9}},{"start":{"line":97,"column":8},"end":{"line":105,"column":9}},{"start":{"line":106,"column":8},"end":{"line":115,"column":9}},{"start":{"line":116,"column":8},"end":{"line":122,"column":9}}],"line":87},"12":{"loc":{"start":{"line":91,"column":35},"end":{"line":91,"column":71}},"type":"cond-expr","locations":[{"start":{"line":91,"column":45},"end":{"line":91,"column":56}},{"start":{"line":91,"column":59},"end":{"line":91,"column":71}}],"line":91},"13":{"loc":{"start":{"line":134,"column":24},"end":{"line":134,"column":69}},"type":"binary-expr","locations":[{"start":{"line":134,"column":24},"end":{"line":134,"column":61}},{"start":{"line":134,"column":65},"end":{"line":134,"column":69}}],"line":134},"14":{"loc":{"start":{"line":135,"column":21},"end":{"line":135,"column":56}},"type":"binary-expr","locations":[{"start":{"line":135,"column":21},"end":{"line":135,"column":51}},{"start":{"line":135,"column":55},"end":{"line":135,"column":56}}],"line":135},"15":{"loc":{"start":{"line":149,"column":8},"end":{"line":151,"column":9}},"type":"if","locations":[{"start":{"line":149,"column":8},"end":{"line":151,"column":9}},{"start":{},"end":{}}],"line":149},"16":{"loc":{"start":{"line":166,"column":21},"end":{"line":166,"column":56}},"type":"binary-expr","locations":[{"start":{"line":166,"column":21},"end":{"line":166,"column":51}},{"start":{"line":166,"column":55},"end":{"line":166,"column":56}}],"line":166}},"s":{"0":1,"1":1,"2":1,"3":1,"4":1,"5":0,"6":0,"7":0,"8":0,"9":0,"10":0,"11":0,"12":0,"13":0,"14":0,"15":0,"16":0,"17":0,"18":0,"19":0,"20":0,"21":0,"22":0,"23":0,"24":0,"25":0,"26":0,"27":1,"28":0,"29":0,"30":0,"31":0,"32":0,"33":0,"34":0,"35":0,"36":0,"37":0,"38":0,"39":0,"40":0,"41":0,"42":0,"43":0,"44":0,"45":0,"46":0,"47":0,"48":0,"49":0,"50":0,"51":0,"52":0,"53":0,"54":0,"55":0,"56":0,"57":0,"58":0,"59":0,"60":0,"61":0,"62":0,"63":1,"64":0,"65":0,"66":0,"67":0,"68":0,"69":0,"70":0,"71":0,"72":0,"73":0,"74":0,"75":0,"76":0,"77":0,"78":0,"79":0,"80":0,"81":1,"82":0,"83":0,"84":0,"85":0,"86":0,"87":0,"88":0,"89":0,"90":0,"91":0,"92":0,"93":0},"f":{"0":0,"1":0,"2":0,"3":0,"4":0,"5":0,"6":0},"b":{"0":[0,0,0],"1":[0,0,0],"2":[0,0],"3":[0,0],"4":[0,0],"5":[0,0],"6":[0,0],"7":[0,0],"8":[0,0,0],"9":[0],"10":[0,0],"11":[0,0,0,0],"12":[0,0],"13":[0,0],"14":[0,0],"15":[0,0],"16":[0,0]},"_coverageSchema":"1a1c01bbd47fc00a2c39e90264f33305004495a9","hash":"5ea7f62aaecb852d10748d7bdd196e6de4c34277"}
,"C:\\Users\\Tech Savy\\Desktop\\SmartSolar\\TeamSavvySIBATHON26\\server\\controllers\\designController.js": {"path":"C:\\Users\\Tech Savy\\Desktop\\SmartSolar\\TeamSavvySIBATHON26\\server\\controllers\\designController.js","statementMap":{"0":{"start":{"line":1,"column":21},"end":{"line":1,"column":54}},"1":{"start":{"line":2,"column":17},"end":{"line":2,"column":45}},"2":{"start":{"line":3,"column":21},"end":{"line":3,"column":53}},"3":{"start":{"line":4,"column":14},"end":{"line":4,"column":30}},"4":{"start":{"line":6,"column":23},"end":{"line":6,"column":76}},"5":{"start":{"line":9,"column":0},"end":{"line":63,"column":3}},"6":{"start":{"line":10,"column":44},"end":{"line":10,"column":52}},"7":{"start":{"line":14,"column":4},"end":{"line":50,"column":5}},"8":{"start":{"line":15,"column":8},"end":{"line":31,"column":9}},"9":{"start":{"line":16,"column":29},"end":{"line":16,"column":43}},"10":{"start":{"line":17,"column":12},"end":{"line":17,"column":88}},"11":{"start":{"line":18,"column":29},"end":{"line":21,"column":14}},"12":{"start":{"line":22,"column":12},"end":{"line":22,"column":43}},"13":{"start":{"line":23,"column":15},"end":{"line":31,"column":9}},"14":{"start":{"line":24,"column":29},"end":{"line":27,"column":34}},"15":{"start":{"line":28,"column":12},"end":{"line":28,"column":43}},"16":{"start":{"line":30,"column":12},"end":{"line":30,"column":96}},"17":{"start":{"line":33,"column":8},"end":{"line":33,"column":47}},"18":{"start":{"line":33,"column":37},"end":{"line":33,"column":47}},"19":{"start":{"line":35,"column":25},"end":{"line":35,"column":49}},"20":{"start":{"line":36,"column":8},"end":{"line":49,"column":10}},"21":{"start":{"line":52,"column":19},"end":{"line":57,"column":6}},"22":{"start":{"line":59,"column":4},"end":{"line":62,"column":7}},"23":{"start":{"line":66,"column":0},"end":{"line":137,"column":3}},"24":{"start":{"line":67,"column":82},"end":{"line":67,"column":90}},"25":{"start":{"line":70,"column":4},"end":{"line":73,"column":5}},"26":{"start":{"line":71,"column":8},"end":{"line":71,"column":85}},"27":{"start":{"line":72,"column":8},"end":{"line":72,"column":65}},"28":{"start":{"line":72,"column":21},"end":{"line":72,"column":65}},"29":{"start":{"line":76,"column":4},"end":{"line":125,"column":5}},"30":{"start":{"line":77,"column":25},"end":{"line":84,"column":30}},"31":{"start":{"line":85,"column":8},"end":{"line":85,"column":40}},"32":{"start":{"line":88,"column":27},"end":{"line":88,"column":65}},"33":{"start":{"line":89,"column":26},"end":{"line":89,"column":29}},"34":{"start":{"line":90,"column":27},"end":{"line":90,"column":61}},"35":{"start":{"line":91,"column":25},"end":{"line":91,"column":59}},"36":{"start":{"line":92,"column":33},"end":{"line":92,"column":48}},"37":{"start":{"line":94,"column":23},"end":{"line":94,"column":25}},"38":{"start":{"line":95,"column":21},"end":{"line":95,"column":57}},"39":{"start":{"line":96,"column":21},"end":{"line":96,"column":49}},"40":{"start":{"line":97,"column":8},"end":{"line":106,"column":9}},"41":{"start":{"line":97,"column":21},"end":{"line":97,"column":22}},"42":{"start":{"line":98,"column":12},"end":{"line":105,"column":13}},"43":{"start":{"line":98,"column":25},"end":{"line":98,"column":26}},"44":{"start":{"line":99,"column":16},"end":{"line":104,"column":19}},"45":{"start":{"line":108,"column":8},"end":{"line":124,"column":10}},"46":{"start":{"line":118,"column":75},"end":{"line":122,"column":17}},"47":{"start":{"line":127,"column":4},"end":{"line":131,"column":5}},"48":{"start":{"line":128,"column":8},"end":{"line":128,"column":53}},"49":{"start":{"line":129,"column":8},"end":{"line":129,"column":35}},"50":{"start":{"line":130,"column":8},"end":{"line":130,"column":28}},"51":{"start":{"line":133,"column":4},"end":{"line":136,"column":7}},"52":{"start":{"line":140,"column":0},"end":{"line":143,"column":3}},"53":{"start":{"line":141,"column":20},"end":{"line":141,"column":93}},"54":{"start":{"line":142,"column":4},"end":{"line":142,"column":51}},"55":{"start":{"line":146,"column":0},"end":{"line":150,"column":3}},"56":{"start":{"line":147,"column":19},"end":{"line":147,"column":91}},"57":{"start":{"line":148,"column":4},"end":{"line":148,"column":61}},"58":{"start":{"line":148,"column":17},"end":{"line":148,"column":61}},"59":{"start":{"line":149,"column":4},"end":{"line":149,"column":50}},"60":{"start":{"line":153,"column":0},"end":{"line":161,"column":3}},"61":{"start":{"line":154,"column":19},"end":{"line":158,"column":5}},"62":{"start":{"line":159,"column":4},"end":{"line":159,"column":61}},"63":{"start":{"line":159,"column":17},"end":{"line":159,"column":61}},"64":{"start":{"line":160,"column":4},"end":{"line":160,"column":50}},"65":{"start":{"line":164,"column":0},"end":{"line":168,"column":3}},"66":{"start":{"line":165,"column":19},"end":{"line":165,"column":100}},"67":{"start":{"line":166,"column":4},"end":{"line":166,"column":61}},"68":{"start":{"line":166,"column":17},"end":{"line":166,"column":61}},"69":{"start":{"line":167,"column":4},"end":{"line":167,"column":59}}},"fnMap":{"0":{"name":"(anonymous_0)","decl":{"start":{"line":9,"column":35},"end":{"line":9,"column":36}},"loc":{"start":{"line":9,"column":55},"end":{"line":63,"column":1}},"line":9},"1":{"name":"(anonymous_1)","decl":{"start":{"line":66,"column":41},"end":{"line":66,"column":42}},"loc":{"start":{"line":66,"column":61},"end":{"line":137,"column":1}},"line":66},"2":{"name":"(anonymous_2)","decl":{"start":{"line":118,"column":64},"end":{"line":118,"column":65}},"loc":{"start":{"line":118,"column":75},"end":{"line":122,"column":17}},"line":118},"3":{"name":"(anonymous_3)","decl":{"start":{"line":140,"column":34},"end":{"line":140,"column":35}},"loc":{"start":{"line":140,"column":54},"end":{"line":143,"column":1}},"line":140},"4":{"name":"(anonymous_4)","decl":{"start":{"line":146,"column":33},"end":{"line":146,"column":34}},"loc":{"start":{"line":146,"column":53},"end":{"line":150,"column":1}},"line":146},"5":{"name":"(anonymous_5)","decl":{"start":{"line":153,"column":36},"end":{"line":153,"column":37}},"loc":{"start":{"line":153,"column":56},"end":{"line":161,"column":1}},"line":153},"6":{"name":"(anonymous_6)","decl":{"start":{"line":164,"column":36},"end":{"line":164,"column":37}},"loc":{"start":{"line":164,"column":56},"end":{"line":168,"column":1}},"line":164}},"branchMap":{"0":{"loc":{"start":{"line":6,"column":23},"end":{"line":6,"column":76}},"type":"binary-expr","locations":[{"start":{"line":6,"column":23},"end":{"line":6,"column":49}},{"start":{"line":6,"column":53},"end":{"line":6,"column":76}}],"line":6},"1":{"loc":{"start":{"line":10,"column":22},"end":{"line":10,"column":39}},"type":"default-arg","locations":[{"start":{"line":10,"column":38},"end":{"line":10,"column":39}}],"line":10},"2":{"loc":{"start":{"line":15,"column":8},"end":{"line":31,"column":9}},"type":"if","locations":[{"start":{"line":15,"column":8},"end":{"line":31,"column":9}},{"start":{"line":23,"column":15},"end":{"line":31,"column":9}}],"line":15},"3":{"loc":{"start":{"line":23,"column":15},"end":{"line":31,"column":9}},"type":"if","locations":[{"start":{"line":23,"column":15},"end":{"line":31,"column":9}},{"start":{"line":29,"column":15},"end":{"line":31,"column":9}}],"line":23},"4":{"loc":{"start":{"line":23,"column":19},"end":{"line":23,"column":29}},"type":"binary-expr","locations":[{"start":{"line":23,"column":19},"end":{"line":23,"column":22}},{"start":{"line":23,"column":26},"end":{"line":23,"column":29}}],"line":23},"5":{"loc":{"start":{"line":33,"column":8},"end":{"line":33,"column":47}},"type":"if","locations":[{"start":{"line":33,"column":8},"end":{"line":33,"column":47}},{"start":{},"end":{}}],"line":33},"6":{"loc":{"start":{"line":35,"column":25},"end":{"line":35,"column":49}},"type":"binary-expr","locations":[{"start":{"line":35,"column":25},"end":{"line":35,"column":42}},{"start":{"line":35,"column":46},"end":{"line":35,"column":49}}],"line":35},"7":{"loc":{"start":{"line":67,"column":59},"end":{"line":67,"column":77}},"type":"default-arg","locations":[{"start":{"line":67,"column":74},"end":{"line":67,"column":77}}],"line":67},"8":{"loc":{"start":{"line":70,"column":4},"end":{"line":73,"column":5}},"type":"if","locations":[{"start":{"line":70,"column":4},"end":{"line":73,"column":5}},{"start":{},"end":{}}],"line":70},"9":{"loc":{"start":{"line":72,"column":8},"end":{"line":72,"column":65}},"type":"if","locations":[{"start":{"line":72,"column":8},"end":{"line":72,"column":65}},{"start":{},"end":{}}],"line":72},"10":{"loc":{"start":{"line":78,"column":25},"end":{"line":78,"column":63}},"type":"binary-expr","locations":[{"start":{"line":78,"column":25},"end":{"line":78,"column":57}},{"start":{"line":78,"column":61},"end":{"line":78,"column":63}}],"line":78},"11":{"loc":{"start":{"line":79,"column":17},"end":{"line":79,"column":43}},"type":"binary-expr","locations":[{"start":{"line":79,"column":17},"end":{"line":79,"column":32}},{"start":{"line":79,"column":36},"end":{"line":79,"column":43}}],"line":79},"12":{"loc":{"start":{"line":80,"column":17},"end":{"line":80,"column":42}},"type":"binary-expr","locations":[{"start":{"line":80,"column":17},"end":{"line":80,"column":32}},{"start":{"line":80,"column":36},"end":{"line":80,"column":42}}],"line":80},"13":{"loc":{"start":{"line":81,"column":23},"end":{"line":81,"column":49}},"type":"binary-expr","locations":[{"start":{"line":81,"column":23},"end":{"line":81,"column":43}},{"start":{"line":81,"column":47},"end":{"line":81,"column":49}}],"line":81},"14":{"loc":{"start":{"line":82,"column":30},"end":{"line":82,"column":56}},"type":"binary-expr","locations":[{"start":{"line":82,"column":30},"end":{"line":82,"column":45}},{"start":{"line":82,"column":49},"end":{"line":82,"column":56}}],"line":82},"15":{"loc":{"start":{"line":88,"column":27},"end":{"line":88,"column":65}},"type":"binary-expr","locations":[{"start":{"line":88,"column":27},"end":{"line":88,"column":59}},{"start":{"line":88,"column":63},"end":{"line":88,"column":65}}],"line":88},"16":{"loc":{"start":{"line":98,"column":28},"end":{"line":98,"column":66}},"type":"binary-expr","locations":[{"start":{"line":98,"column":28},"end":{"line":98,"column":36}},{"start":{"line":98,"column":40},"end":{"line":98,"column":66}}],"line":98},"17":{"loc":{"start":{"line":114,"column":43},"end":{"line":114,"column":66}},"type":"binary-expr","locations":[{"start":{"line":114,"column":43},"end":{"line":114,"column":58}},{"start":{"line":114,"column":62},"end":{"line":114,"column":66}}],"line":114},"18":{"loc":{"start":{"line":127,"column":4},"end":{"line":131,"column":5}},"type":"if","locations":[{"start":{"line":127,"column":4},"end":{"line":131,"column":5}},{"start":{},"end":{}}],"line":127},"19":{"loc":{"start":{"line":148,"column":4},"end":{"line":148,"column":61}},"type":"if","locations":[{"start":{"line":148,"column":4},"end":{"line":148,"column":61}},{"start":{},"end":{}}],"line":148},"20":{"loc":{"start":{"line":159,"column":4},"end":{"line":159,"column":61}},"type":"if","locations":[{"start":{"line":159,"column":4},"end":{"line":159,"column":61}},{"start":{},"end":{}}],"line":159},"21":{"loc":{"start":{"line":166,"column":4},"end":{"line":166,"column":61}},"type":"if","locations":[{"start":{"line":166,"column":4},"end":{"line":166,"column":61}},{"start":{},"end":{}}],"line":166}},"s":{"0":1,"1":1,"2":1,"3":1,"4":1,"5":1,"6":0,"7":0,"8":0,"9":0,"10":0,"11":0,"12":0,"13":0,"14":0,"15":0,"16":0,"17":0,"18":0,"19":0,"20":0,"21":0,"22":0,"23":1,"24":0,"25":0,"26":0,"27":0,"28":0,"29":0,"30":0,"31":0,"32":0,"33":0,"34":0,"35":0,"36":0,"37":0,"38":0,"39":0,"40":0,"41":0,"42":0,"43":0,"44":0,"45":0,"46":0,"47":0,"48":0,"49":0,"50":0,"51":0,"52":1,"53":0,"54":0,"55":1,"56":0,"57":0,"58":0,"59":0,"60":1,"61":0,"62":0,"63":0,"64":0,"65":1,"66":0,"67":0,"68":0,"69":0},"f":{"0":0,"1":0,"2":0,"3":0,"4":0,"5":0,"6":0},"b":{"0":[1,1],"1":[0],"2":[0,0],"3":[0,0],"4":[0,0],"5":[0,0],"6":[0,0],"7":[0],"8":[0,0],"9":[0,0],"10":[0,0],"11":[0,0],"12":[0,0],"13":[0,0],"14":[0,0],"15":[0,0],"16":[0,0],"17":[0,0],"18":[0,0],"19":[0,0],"20":[0,0],"21":[0,0]},"_coverageSchema":"1a1c01bbd47fc00a2c39e90264f33305004495a9","hash":"ed21803b4065ef6b9708d35a21ec419f880edf1f"}
,"C:\\Users\\Tech Savy\\Desktop\\SmartSolar\\TeamSavvySIBATHON26\\server\\controllers\\financingController.js": {"path":"C:\\Users\\Tech Savy\\Desktop\\SmartSolar\\TeamSavvySIBATHON26\\server\\controllers\\financingController.js","statementMap":{"0":{"start":{"line":1,"column":24},"end":{"line":1,"column":60}},"1":{"start":{"line":2,"column":17},"end":{"line":2,"column":45}},"2":{"start":{"line":3,"column":21},"end":{"line":3,"column":53}},"3":{"start":{"line":4,"column":25},"end":{"line":4,"column":61}},"4":{"start":{"line":7,"column":0},"end":{"line":19,"column":3}},"5":{"start":{"line":8,"column":39},"end":{"line":8,"column":48}},"6":{"start":{"line":9,"column":19},"end":{"line":9,"column":37}},"7":{"start":{"line":10,"column":4},"end":{"line":10,"column":56}},"8":{"start":{"line":10,"column":16},"end":{"line":10,"column":56}},"9":{"start":{"line":11,"column":4},"end":{"line":14,"column":5}},"10":{"start":{"line":12,"column":8},"end":{"line":12,"column":56}},"11":{"start":{"line":13,"column":8},"end":{"line":13,"column":56}},"12":{"start":{"line":15,"column":4},"end":{"line":15,"column":59}},"13":{"start":{"line":15,"column":16},"end":{"line":15,"column":59}},"14":{"start":{"line":17,"column":20},"end":{"line":17,"column":80}},"15":{"start":{"line":18,"column":4},"end":{"line":18,"column":74}},"16":{"start":{"line":22,"column":0},"end":{"line":55,"column":3}},"17":{"start":{"line":23,"column":38},"end":{"line":23,"column":46}},"18":{"start":{"line":24,"column":4},"end":{"line":26,"column":5}},"19":{"start":{"line":25,"column":8},"end":{"line":25,"column":71}},"20":{"start":{"line":28,"column":20},"end":{"line":28,"column":91}},"21":{"start":{"line":30,"column":24},"end":{"line":52,"column":6}},"22":{"start":{"line":31,"column":26},"end":{"line":31,"column":75}},"23":{"start":{"line":32,"column":28},"end":{"line":32,"column":55}},"24":{"start":{"line":33,"column":18},"end":{"line":33,"column":28}},"25":{"start":{"line":34,"column":20},"end":{"line":36,"column":27}},"26":{"start":{"line":37,"column":29},"end":{"line":37,"column":36}},"27":{"start":{"line":38,"column":30},"end":{"line":38,"column":54}},"28":{"start":{"line":39,"column":33},"end":{"line":39,"column":68}},"29":{"start":{"line":41,"column":8},"end":{"line":51,"column":10}},"30":{"start":{"line":54,"column":4},"end":{"line":54,"column":55}},"31":{"start":{"line":58,"column":0},"end":{"line":146,"column":3}},"32":{"start":{"line":59,"column":35},"end":{"line":59,"column":44}},"33":{"start":{"line":62,"column":22},"end":{"line":117,"column":5}},"34":{"start":{"line":119,"column":19},"end":{"line":119,"column":28}},"35":{"start":{"line":120,"column":4},"end":{"line":124,"column":5}},"36":{"start":{"line":121,"column":8},"end":{"line":123,"column":10}},"37":{"start":{"line":122,"column":12},"end":{"line":122,"column":93}},"38":{"start":{"line":127,"column":27},"end":{"line":127,"column":28}},"39":{"start":{"line":128,"column":4},"end":{"line":140,"column":5}},"40":{"start":{"line":129,"column":19},"end":{"line":129,"column":41}},"41":{"start":{"line":130,"column":31},"end":{"line":130,"column":43}},"42":{"start":{"line":131,"column":8},"end":{"line":136,"column":9}},"43":{"start":{"line":132,"column":12},"end":{"line":135,"column":13}},"44":{"start":{"line":133,"column":16},"end":{"line":133,"column":85}},"45":{"start":{"line":134,"column":16},"end":{"line":134,"column":22}},"46":{"start":{"line":137,"column":8},"end":{"line":139,"column":9}},"47":{"start":{"line":138,"column":12},"end":{"line":138,"column":37}},"48":{"start":{"line":142,"column":4},"end":{"line":145,"column":7}},"49":{"start":{"line":149,"column":0},"end":{"line":180,"column":3}},"50":{"start":{"line":150,"column":41},"end":{"line":150,"column":49}},"51":{"start":{"line":152,"column":19},"end":{"line":152,"column":59}},"52":{"start":{"line":153,"column":4},"end":{"line":153,"column":71}},"53":{"start":{"line":153,"column":17},"end":{"line":153,"column":71}},"54":{"start":{"line":155,"column":4},"end":{"line":157,"column":5}},"55":{"start":{"line":156,"column":8},"end":{"line":156,"column":106}},"56":{"start":{"line":160,"column":17},"end":{"line":160,"column":25}},"57":{"start":{"line":161,"column":4},"end":{"line":169,"column":7}},"58":{"start":{"line":170,"column":4},"end":{"line":170,"column":22}},"59":{"start":{"line":172,"column":4},"end":{"line":179,"column":7}},"60":{"start":{"line":183,"column":0},"end":{"line":186,"column":3}},"61":{"start":{"line":184,"column":19},"end":{"line":184,"column":41}},"62":{"start":{"line":185,"column":4},"end":{"line":185,"column":46}}},"fnMap":{"0":{"name":"(anonymous_0)","decl":{"start":{"line":7,"column":43},"end":{"line":7,"column":44}},"loc":{"start":{"line":7,"column":63},"end":{"line":19,"column":1}},"line":7},"1":{"name":"(anonymous_1)","decl":{"start":{"line":22,"column":38},"end":{"line":22,"column":39}},"loc":{"start":{"line":22,"column":58},"end":{"line":55,"column":1}},"line":22},"2":{"name":"(anonymous_2)","decl":{"start":{"line":30,"column":36},"end":{"line":30,"column":37}},"loc":{"start":{"line":30,"column":43},"end":{"line":52,"column":5}},"line":30},"3":{"name":"(anonymous_3)","decl":{"start":{"line":58,"column":36},"end":{"line":58,"column":37}},"loc":{"start":{"line":58,"column":56},"end":{"line":146,"column":1}},"line":58},"4":{"name":"(anonymous_4)","decl":{"start":{"line":121,"column":36},"end":{"line":121,"column":37}},"loc":{"start":{"line":122,"column":12},"end":{"line":122,"column":93}},"line":122},"5":{"name":"(anonymous_5)","decl":{"start":{"line":149,"column":41},"end":{"line":149,"column":42}},"loc":{"start":{"line":149,"column":61},"end":{"line":180,"column":1}},"line":149},"6":{"name":"(anonymous_6)","decl":{"start":{"line":183,"column":35},"end":{"line":183,"column":36}},"loc":{"start":{"line":183,"column":55},"end":{"line":186,"column":1}},"line":183}},"branchMap":{"0":{"loc":{"start":{"line":10,"column":4},"end":{"line":10,"column":56}},"type":"if","locations":[{"start":{"line":10,"column":4},"end":{"line":10,"column":56}},{"start":{},"end":{}}],"line":10},"1":{"loc":{"start":{"line":11,"column":4},"end":{"line":14,"column":5}},"type":"if","locations":[{"start":{"line":11,"column":4},"end":{"line":14,"column":5}},{"start":{},"end":{}}],"line":11},"2":{"loc":{"start":{"line":15,"column":4},"end":{"line":15,"column":59}},"type":"if","locations":[{"start":{"line":15,"column":4},"end":{"line":15,"column":59}},{"start":{},"end":{}}],"line":15},"3":{"loc":{"start":{"line":24,"column":4},"end":{"line":26,"column":5}},"type":"if","locations":[{"start":{"line":24,"column":4},"end":{"line":26,"column":5}},{"start":{},"end":{}}],"line":24},"4":{"loc":{"start":{"line":24,"column":8},"end":{"line":24,"column":71}},"type":"binary-expr","locations":[{"start":{"line":24,"column":8},"end":{"line":24,"column":18}},{"start":{"line":24,"column":22},"end":{"line":24,"column":47}},{"start":{"line":24,"column":51},"end":{"line":24,"column":71}}],"line":24},"5":{"loc":{"start":{"line":31,"column":26},"end":{"line":31,"column":75}},"type":"binary-expr","locations":[{"start":{"line":31,"column":26},"end":{"line":31,"column":36}},{"start":{"line":31,"column":40},"end":{"line":31,"column":75}}],"line":31},"6":{"loc":{"start":{"line":34,"column":20},"end":{"line":36,"column":27}},"type":"cond-expr","locations":[{"start":{"line":35,"column":14},"end":{"line":35,"column":107}},{"start":{"line":36,"column":14},"end":{"line":36,"column":27}}],"line":34},"7":{"loc":{"start":{"line":120,"column":4},"end":{"line":124,"column":5}},"type":"if","locations":[{"start":{"line":120,"column":4},"end":{"line":124,"column":5}},{"start":{},"end":{}}],"line":120},"8":{"loc":{"start":{"line":122,"column":12},"end":{"line":122,"column":93}},"type":"binary-expr","locations":[{"start":{"line":122,"column":12},"end":{"line":122,"column":65}},{"start":{"line":122,"column":69},"end":{"line":122,"column":93}}],"line":122},"9":{"loc":{"start":{"line":128,"column":4},"end":{"line":140,"column":5}},"type":"if","locations":[{"start":{"line":128,"column":4},"end":{"line":140,"column":5}},{"start":{},"end":{}}],"line":128},"10":{"loc":{"start":{"line":132,"column":12},"end":{"line":135,"column":13}},"type":"if","locations":[{"start":{"line":132,"column":12},"end":{"line":135,"column":13}},{"start":{},"end":{}}],"line":132},"11":{"loc":{"start":{"line":137,"column":8},"end":{"line":139,"column":9}},"type":"if","locations":[{"start":{"line":137,"column":8},"end":{"line":139,"column":9}},{"start":{},"end":{}}],"line":137},"12":{"loc":{"start":{"line":137,"column":12},"end":{"line":137,"column":44}},"type":"binary-expr","locations":[{"start":{"line":137,"column":12},"end":{"line":137,"column":34}},{"start":{"line":137,"column":38},"end":{"line":137,"column":44}}],"line":137},"13":{"loc":{"start":{"line":144,"column":67},"end":{"line":144,"column":85}},"type":"binary-expr","locations":[{"start":{"line":144,"column":67},"end":{"line":144,"column":77}},{"start":{"line":144,"column":81},"end":{"line":144,"column":85}}],"line":144},"14":{"loc":{"start":{"line":153,"column":4},"end":{"line":153,"column":71}},"type":"if","locations":[{"start":{"line":153,"column":4},"end":{"line":153,"column":71}},{"start":{},"end":{}}],"line":153},"15":{"loc":{"start":{"line":155,"column":4},"end":{"line":157,"column":5}},"type":"if","locations":[{"start":{"line":155,"column":4},"end":{"line":157,"column":5}},{"start":{},"end":{}}],"line":155},"16":{"loc":{"start":{"line":155,"column":8},"end":{"line":155,"column":62}},"type":"binary-expr","locations":[{"start":{"line":155,"column":8},"end":{"line":155,"column":33}},{"start":{"line":155,"column":37},"end":{"line":155,"column":62}}],"line":155},"17":{"loc":{"start":{"line":166,"column":16},"end":{"line":166,"column":39}},"type":"binary-expr","locations":[{"start":{"line":166,"column":16},"end":{"line":166,"column":22}},{"start":{"line":166,"column":26},"end":{"line":166,"column":39}}],"line":166}},"s":{"0":1,"1":1,"2":1,"3":1,"4":1,"5":0,"6":0,"7":0,"8":0,"9":0,"10":0,"11":0,"12":0,"13":0,"14":0,"15":0,"16":1,"17":0,"18":0,"19":0,"20":0,"21":0,"22":0,"23":0,"24":0,"25":0,"26":0,"27":0,"28":0,"29":0,"30":0,"31":1,"32":0,"33":0,"34":0,"35":0,"36":0,"37":0,"38":0,"39":0,"40":0,"41":0,"42":0,"43":0,"44":0,"45":0,"46":0,"47":0,"48":0,"49":1,"50":0,"51":0,"52":0,"53":0,"54":0,"55":0,"56":0,"57":0,"58":0,"59":0,"60":1,"61":0,"62":0},"f":{"0":0,"1":0,"2":0,"3":0,"4":0,"5":0,"6":0},"b":{"0":[0,0],"1":[0,0],"2":[0,0],"3":[0,0],"4":[0,0,0],"5":[0,0],"6":[0,0],"7":[0,0],"8":[0,0],"9":[0,0],"10":[0,0],"11":[0,0],"12":[0,0],"13":[0,0],"14":[0,0],"15":[0,0],"16":[0,0],"17":[0,0]},"_coverageSchema":"1a1c01bbd47fc00a2c39e90264f33305004495a9","hash":"0b8c9425675deb974495cb1c5fb676d13a950829"}
,"C:\\Users\\Tech Savy\\Desktop\\SmartSolar\\TeamSavvySIBATHON26\\server\\controllers\\maintenanceController.js": {"path":"C:\\Users\\Tech Savy\\Desktop\\SmartSolar\\TeamSavvySIBATHON26\\server\\controllers\\maintenanceController.js","statementMap":{"0":{"start":{"line":1,"column":20},"end":{"line":1,"column":52}},"1":{"start":{"line":2,"column":13},"end":{"line":2,"column":38}},"2":{"start":{"line":3,"column":17},"end":{"line":3,"column":45}},"3":{"start":{"line":4,"column":21},"end":{"line":4,"column":53}},"4":{"start":{"line":5,"column":14},"end":{"line":5,"column":30}},"5":{"start":{"line":7,"column":23},"end":{"line":7,"column":76}},"6":{"start":{"line":10,"column":0},"end":{"line":42,"column":3}},"7":{"start":{"line":11,"column":17},"end":{"line":11,"column":50}},"8":{"start":{"line":12,"column":21},"end":{"line":12,"column":39}},"9":{"start":{"line":13,"column":16},"end":{"line":13,"column":62}},"10":{"start":{"line":14,"column":16},"end":{"line":14,"column":62}},"11":{"start":{"line":17,"column":4},"end":{"line":39,"column":5}},"12":{"start":{"line":18,"column":25},"end":{"line":18,"column":111}},"13":{"start":{"line":19,"column":8},"end":{"line":19,"column":38}},"14":{"start":{"line":22,"column":29},"end":{"line":22,"column":99}},"15":{"start":{"line":23,"column":31},"end":{"line":23,"column":126}},"16":{"start":{"line":25,"column":8},"end":{"line":38,"column":10}},"17":{"start":{"line":41,"column":4},"end":{"line":41,"column":48}},"18":{"start":{"line":45,"column":0},"end":{"line":84,"column":3}},"19":{"start":{"line":46,"column":17},"end":{"line":46,"column":50}},"20":{"start":{"line":47,"column":16},"end":{"line":47,"column":72}},"21":{"start":{"line":48,"column":16},"end":{"line":48,"column":72}},"22":{"start":{"line":51,"column":4},"end":{"line":81,"column":5}},"23":{"start":{"line":52,"column":25},"end":{"line":54,"column":30}},"24":{"start":{"line":55,"column":8},"end":{"line":55,"column":38}},"25":{"start":{"line":57,"column":29},"end":{"line":57,"column":99}},"26":{"start":{"line":58,"column":31},"end":{"line":58,"column":126}},"27":{"start":{"line":60,"column":30},"end":{"line":60,"column":62}},"28":{"start":{"line":61,"column":24},"end":{"line":61,"column":93}},"29":{"start":{"line":63,"column":8},"end":{"line":80,"column":10}},"30":{"start":{"line":68,"column":59},"end":{"line":74,"column":13}},"31":{"start":{"line":75,"column":65},"end":{"line":79,"column":13}},"32":{"start":{"line":83,"column":4},"end":{"line":83,"column":48}},"33":{"start":{"line":87,"column":0},"end":{"line":103,"column":3}},"34":{"start":{"line":88,"column":90},"end":{"line":88,"column":98}},"35":{"start":{"line":90,"column":16},"end":{"line":100,"column":6}},"36":{"start":{"line":102,"column":4},"end":{"line":102,"column":59}},"37":{"start":{"line":106,"column":0},"end":{"line":128,"column":3}},"38":{"start":{"line":107,"column":17},"end":{"line":107,"column":46}},"39":{"start":{"line":108,"column":18},"end":{"line":108,"column":49}},"40":{"start":{"line":109,"column":17},"end":{"line":109,"column":35}},"41":{"start":{"line":111,"column":26},"end":{"line":114,"column":6}},"42":{"start":{"line":116,"column":4},"end":{"line":127,"column":7}},"43":{"start":{"line":131,"column":0},"end":{"line":142,"column":3}},"44":{"start":{"line":132,"column":17},"end":{"line":136,"column":5}},"45":{"start":{"line":138,"column":4},"end":{"line":141,"column":7}}},"fnMap":{"0":{"name":"(anonymous_0)","decl":{"start":{"line":10,"column":37},"end":{"line":10,"column":38}},"loc":{"start":{"line":10,"column":57},"end":{"line":42,"column":1}},"line":10},"1":{"name":"(anonymous_1)","decl":{"start":{"line":45,"column":43},"end":{"line":45,"column":44}},"loc":{"start":{"line":45,"column":63},"end":{"line":84,"column":1}},"line":45},"2":{"name":"(anonymous_2)","decl":{"start":{"line":68,"column":48},"end":{"line":68,"column":49}},"loc":{"start":{"line":68,"column":59},"end":{"line":74,"column":13}},"line":68},"3":{"name":"(anonymous_3)","decl":{"start":{"line":75,"column":54},"end":{"line":75,"column":55}},"loc":{"start":{"line":75,"column":65},"end":{"line":79,"column":13}},"line":75},"4":{"name":"(anonymous_4)","decl":{"start":{"line":87,"column":35},"end":{"line":87,"column":36}},"loc":{"start":{"line":87,"column":55},"end":{"line":103,"column":1}},"line":87},"5":{"name":"(anonymous_5)","decl":{"start":{"line":106,"column":45},"end":{"line":106,"column":46}},"loc":{"start":{"line":106,"column":65},"end":{"line":128,"column":1}},"line":106},"6":{"name":"(anonymous_6)","decl":{"start":{"line":131,"column":46},"end":{"line":131,"column":47}},"loc":{"start":{"line":131,"column":66},"end":{"line":142,"column":1}},"line":131}},"branchMap":{"0":{"loc":{"start":{"line":7,"column":23},"end":{"line":7,"column":76}},"type":"binary-expr","locations":[{"start":{"line":7,"column":23},"end":{"line":7,"column":49}},{"start":{"line":7,"column":53},"end":{"line":7,"column":76}}],"line":7},"1":{"loc":{"start":{"line":13,"column":16},"end":{"line":13,"column":62}},"type":"binary-expr","locations":[{"start":{"line":13,"column":16},"end":{"line":13,"column":51}},{"start":{"line":13,"column":55},"end":{"line":13,"column":62}}],"line":13},"2":{"loc":{"start":{"line":14,"column":16},"end":{"line":14,"column":62}},"type":"binary-expr","locations":[{"start":{"line":14,"column":16},"end":{"line":14,"column":51}},{"start":{"line":14,"column":55},"end":{"line":14,"column":62}}],"line":14},"3":{"loc":{"start":{"line":23,"column":31},"end":{"line":23,"column":126}},"type":"cond-expr","locations":[{"start":{"line":23,"column":46},"end":{"line":23,"co
[...]
,"C:\\Users\\Tech Savy\\Desktop\\SmartSolar\\TeamSavvySIBATHON26\\server\\routes\\maintenance.js": {"path":"C:\\Users\\Tech Savy\\Desktop\\SmartSolar\\TeamSavvySIBATHON26\\server\\routes\\maintenance.js","statementMap":{"0":{"start":{"line":1,"column":16},"end":{"line":1,"column":34}},"1":{"start":{"line":2,"column":15},"end":{"line":2,"column":31}},"2":{"start":{"line":3,"column":20},"end":{"line":3,"column":49}},"3":{"start":{"line":7,"column":4},"end":{"line":7,"column":51}},"4":{"start":{"line":9,"column":0},"end":{"line":9,"column":20}},"5":{"start":{"line":11,"column":0},"end":{"line":11,"column":42}},"6":{"start":{"line":12,"column":0},"end":{"line":12,"column":54}},"7":{"start":{"line":13,"column":0},"end":{"line":13,"column":42}},"8":{"start":{"line":14,"column":0},"end":{"line":14,"column":46}},"9":{"start":{"line":15,"column":0},"end":{"line":15,"column":57}},"10":{"start":{"line":17,"column":0},"end":{"line":17,"column":24}}},"fnMap":{},"branchMap":{},"s":{"0":1,"1":1,"2":1,"3":1,"4":1,"5":1,"6":1,"7":1,"8":1,"9":1,"10":1},"f":{},"b":{},"_coverageSchema":"1a1c01bbd47fc00a2c39e90264f33305004495a9","hash":"b30b121030f59527956ac1ff2aba8e0168693408"}
,"C:\\Users\\Tech Savy\\Desktop\\SmartSolar\\TeamSavvySIBATHON26\\server\\routes\\reports.js": {"path":"C:\\Users\\Tech Savy\\Desktop\\SmartSolar\\TeamSavvySIBATHON26\\server\\routes\\reports.js","statementMap":{"0":{"start":{"line":1,"column":16},"end":{"line":1,"column":34}},"1":{"start":{"line":2,"column":15},"end":{"line":2,"column":31}},"2":{"start":{"line":3,"column":20},"end":{"line":3,"column":49}},"3":{"start":{"line":4,"column":56},"end":{"line":4,"column":99}},"4":{"start":{"line":6,"column":0},"end":{"line":6,"column":20}},"5":{"start":{"line":8,"column":0},"end":{"line":8,"column":41}},"6":{"start":{"line":9,"column":0},"end":{"line":9,"column":33}},"7":{"start":{"line":10,"column":0},"end":{"line":10,"column":44}},"8":{"start":{"line":12,"column":0},"end":{"line":12,"column":24}}},"fnMap":{},"branchMap":{},"s":{"0":1,"1":1,"2":1,"3":1,"4":1,"5":1,"6":1,"7":1,"8":1},"f":{},"b":{},"_coverageSchema":"1a1c01bbd47fc00a2c39e90264f33305004495a9","hash":"531b33196cd17690db6f665593581fa4e2252c73"}
,"C:\\Users\\Tech Savy\\Desktop\\SmartSolar\\TeamSavvySIBATHON26\\server\\services\\roiCalculator.js": {"path":"C:\\Users\\Tech Savy\\Desktop\\SmartSolar\\TeamSavvySIBATHON26\\server\\services\\roiCalculator.js","statementMap":{"0":{"start":{"line":22,"column":8},"end":{"line":22,"column":14}},"1":{"start":{"line":24,"column":26},"end":{"line":24,"column":52}},"2":{"start":{"line":25,"column":22},"end":{"line":25,"column":35}},"3":{"start":{"line":26,"column":21},"end":{"line":26,"column":22}},"4":{"start":{"line":27,"column":21},"end":{"line":27,"column":22}},"5":{"start":{"line":28,"column":24},"end":{"line":28,"column":25}},"6":{"start":{"line":30,"column":4},"end":{"line":41,"column":5}},"7":{"start":{"line":31,"column":8},"end":{"line":31,"column":73}},"8":{"start":{"line":32,"column":8},"end":{"line":32,"column":49}},"9":{"start":{"line":33,"column":28},"end":{"line":33,"column":67}},"10":{"start":{"line":34,"column":18},"end":{"line":34,"column":40}},"11":{"start":{"line":35,"column":8},"end":{"line":39,"column":9}},"12":{"start":{"line":36,"column":12},"end":{"line":36,"column":120}},"13":{"start":{"line":38,"column":12},"end":{"line":38,"column":40}},"14":{"start":{"line":40,"column":8},"end":{"line":40,"column":39}},"15":{"start":{"line":43,"column":24},"end":{"line":43,"column":26}},"16":{"start":{"line":44,"column":28},"end":{"line":44,"column":40}},"17":{"start":{"line":45,"column":25},"end":{"line":45,"column":36}},"18":{"start":{"line":46,"column":25},"end":{"line":46,"column":29}},"19":{"start":{"line":47,"column":23},"end":{"line":47,"column":24}},"20":{"start":{"line":48,"column":19},"end":{"line":48,"column":20}},"21":{"start":{"line":49,"column":22},"end":{"line":49,"column":26}},"22":{"start":{"line":51,"column":4},"end":{"line":88,"column":5}},"23":{"start":{"line":51,"column":21},"end":{"line":51,"column":22}},"24":{"start":{"line":52,"column":24},"end":{"line":52,"column":45}},"25":{"start":{"line":53,"column":28},"end":{"line":53,"column":72}},"26":{"start":{"line":54,"column":34},"end":{"line":54,"column":71}},"27":{"start":{"line":55,"column":28},"end":{"line":55,"column":92}},"28":{"start":{"line":57,"column":29},"end":{"line":57,"column":69}},"29":{"start":{"line":58,"column":25},"end":{"line":58,"column":71}},"30":{"start":{"line":60,"column":43},"end":{"line":60,"column":69}},"31":{"start":{"line":61,"column":34},"end":{"line":61,"column":78}},"32":{"start":{"line":62,"column":35},"end":{"line":62,"column":55}},"33":{"start":{"line":63,"column":34},"end":{"line":63,"column":49}},"34":{"start":{"line":65,"column":28},"end":{"line":65,"column":97}},"35":{"start":{"line":67,"column":34},"end":{"line":67,"column":135}},"36":{"start":{"line":69,"column":8},"end":{"line":69,"column":47}},"37":{"start":{"line":70,"column":8},"end":{"line":70,"column":59}},"38":{"start":{"line":71,"column":8},"end":{"line":71,"column":71}},"39":{"start":{"line":72,"column":8},"end":{"line":72,"column":57}},"40":{"start":{"line":74,"column":8},"end":{"line":76,"column":9}},"41":{"start":{"line":75,"column":12},"end":{"line":75,"column":35}},"42":{"start":{"line":78,"column":8},"end":{"line":87,"column":9}},"43":{"start":{"line":79,"column":12},"end":{"line":86,"column":15}},"44":{"start":{"line":91,"column":25},"end":{"line":91,"column":29}},"45":{"start":{"line":92,"column":14},"end":{"line":92,"column":28}},"46":{"start":{"line":93,"column":4},"end":{"line":95,"column":5}},"47":{"start":{"line":94,"column":8},"end":{"line":94,"column":82}},"48":{"start":{"line":98,"column":14},"end":{"line":98,"column":17}},"49":{"start":{"line":99,"column":4},"end":{"line":111,"column":5}},"50":{"start":{"line":99,"column":20},"end":{"line":99,"column":21}},"51":{"start":{"line":100,"column":21},"end":{"line":100,"column":35}},"52":{"start":{"line":101,"column":26},"end":{"line":101,"column":27}},"53":{"start":{"line":102,"column":8},"end":{"line":106,"column":9}},"54":{"start":{"line":103,"column":22},"end":{"line":103,"column":35}},"55":{"start":{"line":104,"column":12},"end":{"line":104,"column":68}},"56":{"start":{"line":105,"column":12},"end":{"line":105,"column":81}},"57":{"start":{"line":107,"column":8},"end":{"line":107,"column":49}},"58":{"start":{"line":107,"column":43},"end":{"line":107,"column":49}},"59":{"start":{"line":108,"column":23},"end":{"line":108,"column":49}},"60":{"start":{"line":109,"column":8},"end":{"line":109,"column":49}},"61":{"start":{"line":109,"column":43},"end":{"line":109,"column":49}},"62":{"start":{"line":110,"column":8},"end":{"line":110,"column":21}},"63":{"start":{"line":113,"column":4},"end":{"line":135,"column":6}},"64":{"start":{"line":138,"column":0},"end":{"line":138,"column":34}}},"fnMap":{"0":{"name":"calculateROI","decl":{"start":{"line":6,"column":9},"end":{"line":6,"column":21}},"loc":{"start":{"line":6,"column":30},"end":{"line":136,"column":1}},"line":6}},"branchMap":{"0":{"loc":{"start":{"line":8,"column":8},"end":{"line":8,"column":27}},"type":"default-arg","locations":[{"start":{"line":8,"column":21},"end":{"line":8,"column":27}}],"line":8},"1":{"loc":{"start":{"line":9,"column":8},"end":{"line":9,"column":22}},"type":"default-arg","locations":[{"start":{"line":9,"column":21},"end":{"line":9,"column":22}}],"line":9},"2":{"loc":{"start":{"line":10,"column":8},"end":{"line":10,"column":31}},"type":"default-arg","locations":[{"start":{"line":10,"column":27},"end":{"line":10,"column":31}}],"line":10},"3":{"loc":{"start":{"line":11,"column":8},"end":{"line":11,"column":27}},"type":"default-arg","locations":[{"start":{"line":11,"column":26},"end":{"line":11,"column":27}}],"line":11},"4":{"loc":{"start":{"line":12,"column":8},"end":{"line":12,"column":25}},"type":"default-arg","locations":[{"start":{"line":12,"column":24},"end":{"line":12,"column":25}}],"line":12},"5":{"loc":{"start":{"line":13,"column":8},"end":{"line":13,"column":30}},"type":"default-arg","locations":[{"start":{"line":13,"column":27},"end":{"line":13,"column":30}}],"line":13},"6":{"loc":{"start":{"line":14,"column":8},"end":{"line":14,"column":30}},"type":"default-arg","locations":[{"start":{"line":14,"column":26},"end":{"line":14,"column":30}}],"line":14},"7":{"loc":{"start":{"line":15,"column":8},"end":{"line":15,"column":26}},"type":"default-arg","locations":[{"start":{"line":15,"column":22},"end":{"line":15,"column":26}}],"line":15},"8":{"loc":{"start":{"line":16,"column":8},"end":{"line":16,"column":29}},"type":"default-arg","locations":[{"start":{"line":16,"column":26},"end":{"line":16,"column":29}}],"line":16},"9":{"loc":{"start":{"line":17,"column":8},"end":{"line":17,"column":34}},"type":"default-arg","locations":[{"start":{"line":17,"column":31},"end":{"line":17,"column":34}}],"line":17},"10":{"loc":{"start":{"line":18,"column":8},"end":{"line":18,"column":25}},"type":"default-arg","locations":[{"start":{"line":18,"column":24},"end":{"line":18,"column":25}}],"line":18},"11":{"loc":{"start":{"line":19,"column":8},"end":{"line":19,"column":30}},"type":"default-arg","locations":[{"start":{"line":19,"column":26},"end":{"line":19,"column":30}}],"line":19},"12":{"loc":{"start":{"line":20,"column":8},"end":{"line":20,"column":22}},"type":"default-arg","locations":[{"start":{"line":20,"column":21},"end":{"line":20,"column":22}}],"line":20},"13":{"loc":{"start":{"line":21,"column":8},"end":{"line":21,"column":18}},"type":"default-arg","locations":[{"start":{"line":21,"column":16},"end":{"line":21,"column":18}}],"line":21},"14":{"loc":{"start":{"line":30,"column":4},"end":{"line":41,"column":5}},"type":"if","locations":[{"start":{"line":30,"column":4},"end":{"line":41,"column":5}},{"start":{},"end":{}}],"line":30},"15":{"loc":{"start":{"line":31,"column":22},"end":{"line":31,"column":72}},"type":"binary-expr","locations":[{"start":{"line":31,"column":22},"end":{"line":31,"column":49}},{"start":{"line":31,"column":53},"end":{"line":31,"column":72}}],"line":31},"16":{"loc":{"start":{"line":35,"column":8},"end":{"line":39,"column":9}},"type":"if","locations":[{"start":{"line":35,"column":8},"end":{"line":39,"column":9}},{"start":{"line":37,"column":15},"end":{"line":39,"column":9}}],"line":35},"17":{"loc":{"start":{"line":61,"column":34},"end":{"line":61,"column":78}},"type":"cond-expr","locations":[{"start":{"line":61,"column":48},"end":{"line":61,"column":74}},{"start":{"line":61,"column":77},"end":{"line":61,"column":78}}],"line":61},"18":{"loc":{"start":{"line":65,"column":28},"end":{"line":65,"column":97}},"type":"cond-expr","locations":[{"start":{"line":65,"column":83},"end":{"line":65,"column":93}},{"start":{"line":65,"column":96},"end":{"line":65,"column":97}}],"line":65},"19":{"loc":{"start":{"line":65,"column":29},"end":{"line":65,"column":79}},"type":"binary-expr","locations":[{"start":{"line":65,"column":29},"end":{"line":65,"column":44}},{"start":{"line":65,"column":48},"end":{"line":65,"column":79}}],"line":65},"20":{"loc":{"start":{"line":74,"column":8},"end":{"line":76,"column":9}},"type":"if","locations":[{"start":{"line":74,"column":8},"end":{"line":76,"column":9}},{"start":{},"end":{}}],"line":74},"21":{"loc":{"start":{"line":74,"column":12},"end":{"line":74,"column":53}},"type":"binary-expr","locations":[{"start":{"line":74,"column":12},"end":{"line":74,"column":34}},{"start":{"line":74,"column":38},"end":{"line":74,"column":53}}],"line":74},"22":{"loc":{"start":{"line":78,"column":8},"end":{"line":87,"column":9}},"type":"if","locations":[{"start":{"line":78,"column":8},"end":{"line":87,"column":9}},{"start":{},"end":{}}],"line":78},"23":{"loc":{"start":{"line":107,"column":8},"end":{"line":107,"column":49}},"type":"if","locations":[{"start":{"line":107,"column":8},"end":{"line":107,"column":49}},{"start":{},"end":{}}],"line":107},"24":{"loc":{"start":{"line":109,"column":8},"end":{"line":109,"column":49}},"type":"if","locations":[{"start":{"line":109,"column":8},"end":{"line":109,"column":49}},{"start":{},"end":{}}],"line":109},"25":{"loc":{"start":{"line":118,"column":28},"end":{"line":118,"column":50}},"type":"binary-expr","locations":[{"start":{"line":118,"column":28},"end":{"line":118,"column":42}},{"start":{"line":118,"column":46},"end":{"line":118,"column":50}}],"line":118},"26":{"loc":{"start":{"line":119,"column":27},"end":{"line":119,"column":84}},"type":"cond-expr","locations":[{"start":{"line":119,"column":44},"end":{"line":119,"column":77}},{"start":{"line":119,"column":80},"end":{"line":119,"column":84}}],"line":119},"27":{"loc":{"start":{"line":128,"column":19},"end":{"line":133,"column":16}},"type":"cond-expr","locations":[{"start":{"line":128,"column":37},"end":{"line":133,"column":9}},{"start":{"line":133,"column":12},"end":{"line":133,"column":16}}],"line":128}},"s":{"0":0,"1":0,"2":0,"3":0,"4":0,"5":0,"6":0,"7":0,"8":0,"9":0,"10":0,"11":0,"12":0,"13":0,"14":0,"15":0,"16":0,"17":0,"18":0,"19":0,"20":0,"21":0,"22":0,"23":0,"24":0,"25":0,"26":0,"27":0,"28":0,"29":0,"30":0,"31":0,"32":0,"33":0,"34":0,"35":0,"36":0,"37":0,"38":0,"39":0,"40":0,"41":0,"42":0,"43":0,"44":0,"45":0,"46":0,"47":0,"48":0,"49":0,"50":0,"51":0,"52":0,"53":0,"54":0,"55":0,"56":0,"57":0,"58":0,"59":0,"60":0,"61":0,"62":0,"63":0,"64":1},"f":{"0":0},"b":{"0":[0],"1":[0],"2":[0],"3":[0],"4":[0],"5":[0],"6":[0],"7":[0],"8":[0],"9":[0],"10":[0],"11":[0],"12":[0],"13":[0],"14":[0,0],"15":[0,0],"16":[0,0],"17":[0,0],"18":[0,0],"19":[0,0],"20":[0,0],"21":[0,0],"22":[0,0],"23":[0,0],"24":[0,0],"25":[0,0],"26":[0,0],"27":[0,0]},"_coverageSchema":"1a1c01bbd47fc00a2c39e90264f33305004495a9","hash":"785cbfb67eaf14e33508c8628ae4943d61ff2da3"}
,"C:\\Users\\Tech Savy\\Desktop\\SmartSolar\\TeamSavvySIBATHON26\\server\\utils\\ApiError.js": {"path":"C:\\Users\\Tech Savy\\Desktop\\SmartSolar\\TeamSavvySIBATHON26\\server\\utils\\ApiError.js","statementMap":{"0":{"start":{"line":3,"column":8},"end":{"line":3,"column":23}},"1":{"start":{"line":4,"column":8},"end":{"line":4,"column":37}},"2":{"start":{"line":5,"column":8},"end":{"line":5,"column":29}},"3":{"start":{"line":6,"column":8},"end":{"line":6,"column":34}},"4":{"start":{"line":7,"column":8},"end":{"line":7,"column":56}},"5":{"start":{"line":11,"column":8},"end":{"line":11,"column":50}},"6":{"start":{"line":15,"column":8},"end":{"line":15,"column":42}},"7":{"start":{"line":19,"column":8},"end":{"line":19,"column":42}},"8":{"start":{"line":23,"column":8},"end":{"line":23,"column":42}},"9":{"start":{"line":27,"column":8},"end":{"line":27,"column":42}},"10":{"start":{"line":31,"column":8},"end":{"line":31,"column":42}},"11":{"start":{"line":35,"column":8},"end":{"line":35,"column":42}},"12":{"start":{"line":39,"column":0},"end":{"line":39,"column":26}}},"fnMap":{"0":{"name":"(anonymous_0)","decl":{"start":{"line":2,"column":4},"end":{"line":2,"column":5}},"loc":{"start":{"line":2,"column":50},"end":{"line":8,"column":5}},"line":2},"1":{"name":"(anonymous_1)","decl":{"start":{"line":10,"column":4},"end":{"line":10,"column":5}},"loc":{"start":{"line":10,"column":44},"end":{"line":12,"column":5}},"line":10},"2":{"name":"(anonymous_2)","decl":{"start":{"line":14,"column":4},"end":{"line":14,"column":5}},"loc":{"start":{"line":14,"column":50},"end":{"line":16,"column":5}},"line":14},"3":{"name":"(anonymous_3)","decl":{"start":{"line":18,"column":4},"end":{"line":18,"column":5}},"loc":{"start":{"line":18,"column":44},"end":{"line":20,"column":5}},"line":18},"4":{"name":"(anonymous_4)","decl":{"start":{"line":22,"column":4},"end":{"line":22,"column":5}},"loc":{"start":{"line":22,"column":52},"end":{"line":24,"column":5}},"line":22},"5":{"name":"(anonymous_5)","decl":{"start":{"line":26,"column":4},"end":{"line":26,"column":5}},"loc":{"start":{"line":26,"column":29},"end":{"line":28,"column":5}},"line":26},"6":{"name":"(anonymous_6)","decl":{"start":{"line":30,"column":4},"end":{"line":30,"column":5}},"loc":{"start":{"line":30,"column":50},"end":{"line":32,"column":5}},"line":30},"7":{"name":"(anonymous_7)","decl":{"start":{"line":34,"column":4},"end":{"line":34,"column":5}},"loc":{"start":{"line":34,"column":55},"end":{"line":36,"column":5}},"line":34}},"branchMap":{"0":{"loc":{"start":{"line":2,"column":37},"end":{"line":2,"column":48}},"type":"default-arg","locations":[{"start":{"line":2,"column":46},"end":{"line":2,"column":48}}],"line":2},"1":{"loc":{"start":{"line":10,"column":31},"end":{"line":10,"column":42}},"type":"default-arg","locations":[{"start":{"line":10,"column":40},"end":{"line":10,"column":42}}],"line":10},"2":{"loc":{"start":{"line":14,"column":24},"end":{"line":14,"column":48}},"type":"default-arg","locations":[{"start":{"line":14,"column":34},"end":{"line":14,"column":48}}],"line":14},"3":{"loc":{"start":{"line":18,"column":21},"end":{"line":18,"column":42}},"type":"default-arg","locations":[{"start":{"line":18,"column":31},"end":{"line":18,"column":42}}],"line":18},"4":{"loc":{"start":{"line":22,"column":20},"end":{"line":22,"column":50}},"type":"default-arg","locations":[{"start":{"line":22,"column":30},"end":{"line":22,"column":50}}],"line":22},"5":{"loc":{"start":{"line":30,"column":19},"end":{"line":30,"column":48}},"type":"default-arg","locations":[{"start":{"line":30,"column":29},"end":{"line":30,"column":48}}],"line":30},"6":{"loc":{"start":{"line":34,"column":20},"end":{"line":34,"column":53}},"type":"default-arg","locations":[{"start":{"line":34,"column":30},"end":{"line":34,"column":53}}],"line":34}},"s":{"0":0,"1":0,"2":0,"3":0,"4":0,"5":0,"6":0,"7":0,"8":0,"9":0,"10":0,"11":0,"12":1},"f":{"0":0,"1":0,"2":0,"3":0,"4":0,"5":0,"6":0,"7":0},"b":{"0":[0],"1":[0],"2":[0],"3":[0],"4":[0],"5":[0],"6":[0]},"_coverageSchema":"1a1c01bbd47fc00a2c39e90264f33305004495a9","hash":"5ffc5a8718e13c5337cede7aae6111f1d151411f"}
,"C:\\Users\\Tech Savy\\Desktop\\SmartSolar\\TeamSavvySIBATHON26\\server\\utils\\asyncHandler.js": {"path":"C:\\Users\\Tech Savy\\Desktop\\SmartSolar\\TeamSavvySIBATHON26\\server\\utils\\asyncHandler.js","statementMap":{"0":{"start":{"line":1,"column":21},"end":{"line":3,"column":1}},"1":{"start":{"line":1,"column":29},"end":{"line":3,"column":1}},"2":{"start":{"line":2,"column":4},"end":{"line":2,"column":52}},"3":{"start":{"line":5,"column":0},"end":{"line":5,"column":30}}},"fnMap":{"0":{"name":"(anonymous_0)","decl":{"start":{"line":1,"column":21},"end":{"line":1,"column":22}},"loc":{"start":{"line":1,"column":29},"end":{"line":3,"column":1}},"line":1},"1":{"name":"(anonymous_1)","decl":{"start":{"line":1,"column":29},"end":{"line":1,"column":30}},"loc":{"start":{"line":1,"column":49},"end":{"line":3,"column":1}},"line":1}},"branchMap":{},"s":{"0":1,"1":43,"2":0,"3":1},"f":{"0":43,"1":0},"b":{},"_coverageSchema":"1a1c01bbd47fc00a2c39e90264f33305004495a9","hash":"3e4030ad0f420be02b25cfa76914c6a9e1b99bde"}
,"C:\\Users\\Tech Savy\\Desktop\\SmartSolar\\TeamSavvySIBATHON26\\server\\validators\\authValidators.js": {"path":"C:\\Users\\Tech Savy\\Desktop\\SmartSolar\\TeamSavvySIBATHON26\\server\\validators\\authValidators.js","statementMap":{"0":{"start":{"line":1,"column":12},"end":{"line":1,"column":26}},"1":{"start":{"line":3,"column":23},"end":{"line":9,"column":2}},"2":{"start":{"line":11,"column":20},"end":{"line":14,"column":2}},"3":{"start":{"line":16,"column":25},"end":{"line":18,"column":2}},"4":{"start":{"line":20,"column":28},"end":{"line":50,"column":2}},"5":{"start":{"line":52,"column":25},"end":{"line":81,"column":2}},"6":{"start":{"line":83,"column":0},"end":{"line":89,"column":2}}},"fnMap":{},"branchMap":{},"s":{"0":1,"1":1,"2":1,"3":1,"4":1,"5":1,"6":1},"f":{},"b":{},"_coverageSchema":"1a1c01bbd47fc00a2c39e90264f33305004495a9","hash":"d963f88e1f4ce03d949c23625794bad7d10d4932"}
}
